{"/home/travis/build/npmtest/node-npmtest-nginx-conf/test.js":{"path":"/home/travis/build/npmtest/node-npmtest-nginx-conf/test.js","s":{"1":2,"2":2,"3":2,"4":2,"5":2,"6":2,"7":2,"8":1,"9":2,"10":2,"11":1,"12":1,"13":1,"14":1,"15":2,"16":2,"17":2,"18":2,"19":1,"20":1,"21":2,"22":2,"23":2,"24":1,"25":1,"26":1,"27":1,"28":1,"29":1,"30":1,"31":1,"32":1,"33":1,"34":1,"35":1,"36":1,"37":1,"38":1,"39":2,"40":2,"41":1,"42":2,"43":2,"44":1,"45":2,"46":2,"47":1,"48":2,"49":2,"50":1,"51":1,"52":1,"53":1,"54":1},"b":{"1":[2,1,1,1],"2":[1,1,1,1],"3":[1,1],"4":[1,1],"5":[1,1],"6":[1,1],"7":[1,1],"8":[1,1],"9":[1,1],"10":[1,1,1],"11":[1,1],"12":[1,1],"13":[1,1],"14":[1,1],"15":[1,1],"16":[1,1],"17":[1,1]},"f":{"1":2,"2":2,"3":2,"4":2,"5":2,"6":1,"7":1,"8":1,"9":2,"10":2,"11":2,"12":2,"13":1},"fnMap":{"1":{"name":"(anonymous_1)","line":12,"loc":{"start":{"line":12,"column":1},"end":{"line":12,"column":13}}},"2":{"name":"(anonymous_2)","line":19,"loc":{"start":{"line":19,"column":5},"end":{"line":19,"column":17}}},"3":{"name":"(anonymous_3)","line":23,"loc":{"start":{"line":23,"column":24},"end":{"line":23,"column":36}}},"4":{"name":"(anonymous_4)","line":61,"loc":{"start":{"line":61,"column":5},"end":{"line":61,"column":17}}},"5":{"name":"(anonymous_5)","line":82,"loc":{"start":{"line":82,"column":5},"end":{"line":82,"column":17}}},"6":{"name":"(anonymous_6)","line":91,"loc":{"start":{"line":91,"column":77},"end":{"line":94,"column":10}}},"7":{"name":"(anonymous_7)","line":112,"loc":{"start":{"line":112,"column":83},"end":{"line":115,"column":10}},"skip":true},"8":{"name":"(anonymous_8)","line":123,"loc":{"start":{"line":123,"column":77},"end":{"line":126,"column":10}},"skip":true},"9":{"name":"(anonymous_9)","line":139,"loc":{"start":{"line":139,"column":12},"end":{"line":139,"column":40}},"skip":true},"10":{"name":"(anonymous_10)","line":147,"loc":{"start":{"line":147,"column":77},"end":{"line":150,"column":10}},"skip":true},"11":{"name":"(anonymous_11)","line":158,"loc":{"start":{"line":158,"column":83},"end":{"line":161,"column":10}},"skip":true},"12":{"name":"(anonymous_12)","line":169,"loc":{"start":{"line":169,"column":79},"end":{"line":172,"column":10}},"skip":true},"13":{"name":"(anonymous_13)","line":180,"loc":{"start":{"line":180,"column":75},"end":{"line":183,"column":10}},"skip":true}},"statementMap":{"1":{"start":{"line":12,"column":0},"end":{"line":195,"column":5}},"2":{"start":{"line":14,"column":4},"end":{"line":14,"column":14}},"3":{"start":{"line":19,"column":4},"end":{"line":56,"column":9}},"4":{"start":{"line":21,"column":8},"end":{"line":21,"column":19}},"5":{"start":{"line":23,"column":8},"end":{"line":35,"column":13}},"6":{"start":{"line":24,"column":12},"end":{"line":34,"column":13}},"7":{"start":{"line":25,"column":16},"end":{"line":28,"column":30}},"8":{"start":{"line":30,"column":16},"end":{"line":33,"column":27}},"9":{"start":{"line":37,"column":8},"end":{"line":39,"column":21}},"10":{"start":{"line":40,"column":8},"end":{"line":53,"column":9}},"11":{"start":{"line":43,"column":12},"end":{"line":46,"column":14}},"12":{"start":{"line":47,"column":12},"end":{"line":47,"column":18}},"13":{"start":{"line":50,"column":12},"end":{"line":51,"column":33}},"14":{"start":{"line":52,"column":12},"end":{"line":52,"column":18}},"15":{"start":{"line":55,"column":8},"end":{"line":55,"column":35}},"16":{"start":{"line":61,"column":4},"end":{"line":63,"column":9}},"17":{"start":{"line":62,"column":8},"end":{"line":62,"column":15}},"18":{"start":{"line":64,"column":4},"end":{"line":77,"column":5}},"19":{"start":{"line":70,"column":8},"end":{"line":70,"column":14}},"20":{"start":{"line":76,"column":8},"end":{"line":76,"column":14}},"21":{"start":{"line":82,"column":4},"end":{"line":84,"column":9}},"22":{"start":{"line":83,"column":8},"end":{"line":83,"column":15}},"23":{"start":{"line":85,"column":4},"end":{"line":194,"column":5}},"24":{"start":{"line":91,"column":8},"end":{"line":99,"column":10}},"25":{"start":{"line":98,"column":12},"end":{"line":98,"column":35}},"26":{"start":{"line":102,"column":8},"end":{"line":104,"column":63}},"27":{"start":{"line":105,"column":8},"end":{"line":105,"column":14}},"28":{"start":{"line":112,"column":8},"end":{"line":121,"column":10},"skip":true},"29":{"start":{"line":119,"column":12},"end":{"line":119,"column":55},"skip":true},"30":{"start":{"line":120,"column":12},"end":{"line":120,"column":48},"skip":true},"31":{"start":{"line":123,"column":8},"end":{"line":136,"column":10},"skip":true},"32":{"start":{"line":130,"column":12},"end":{"line":130,"column":76},"skip":true},"33":{"start":{"line":131,"column":12},"end":{"line":131,"column":73},"skip":true},"34":{"start":{"line":132,"column":12},"end":{"line":132,"column":74},"skip":true},"35":{"start":{"line":133,"column":12},"end":{"line":133,"column":79},"skip":true},"36":{"start":{"line":134,"column":12},"end":{"line":134,"column":25},"skip":true},"37":{"start":{"line":135,"column":12},"end":{"line":135,"column":45},"skip":true},"38":{"start":{"line":138,"column":8},"end":{"line":145,"column":14},"skip":true},"39":{"start":{"line":143,"column":16},"end":{"line":143,"column":29},"skip":true},"40":{"start":{"line":144,"column":16},"end":{"line":144,"column":55},"skip":true},"41":{"start":{"line":147,"column":8},"end":{"line":156,"column":10},"skip":true},"42":{"start":{"line":154,"column":12},"end":{"line":154,"column":25},"skip":true},"43":{"start":{"line":155,"column":12},"end":{"line":155,"column":45},"skip":true},"44":{"start":{"line":158,"column":8},"end":{"line":167,"column":10},"skip":true},"45":{"start":{"line":165,"column":12},"end":{"line":165,"column":25},"skip":true},"46":{"start":{"line":166,"column":12},"end":{"line":166,"column":48},"skip":true},"47":{"start":{"line":169,"column":8},"end":{"line":178,"column":10},"skip":true},"48":{"start":{"line":176,"column":12},"end":{"line":176,"column":25},"skip":true},"49":{"start":{"line":177,"column":12},"end":{"line":177,"column":46},"skip":true},"50":{"start":{"line":180,"column":8},"end":{"line":189,"column":10},"skip":true},"51":{"start":{"line":187,"column":12},"end":{"line":187,"column":94},"skip":true},"52":{"start":{"line":188,"column":12},"end":{"line":188,"column":48},"skip":true},"53":{"start":{"line":192,"column":8},"end":{"line":192,"column":35},"skip":true},"54":{"start":{"line":193,"column":8},"end":{"line":193,"column":14},"skip":true}},"branchMap":{"1":{"line":25,"type":"binary-expr","locations":[{"start":{"line":25,"column":23},"end":{"line":25,"column":62}},{"start":{"line":26,"column":20},"end":{"line":26,"column":70}},{"start":{"line":27,"column":20},"end":{"line":27,"column":71}},{"start":{"line":28,"column":20},"end":{"line":28,"column":29}}]},"2":{"line":30,"type":"binary-expr","locations":[{"start":{"line":30,"column":23},"end":{"line":30,"column":37}},{"start":{"line":31,"column":20},"end":{"line":31,"column":61}},{"start":{"line":32,"column":20},"end":{"line":32,"column":70}},{"start":{"line":33,"column":20},"end":{"line":33,"column":26}}]},"3":{"line":37,"type":"cond-expr","locations":[{"start":{"line":38,"column":14},"end":{"line":38,"column":20}},{"start":{"line":39,"column":14},"end":{"line":39,"column":20}}]},"4":{"line":40,"type":"switch","locations":[{"start":{"line":42,"column":8},"end":{"line":47,"column":18}},{"start":{"line":49,"column":8},"end":{"line":52,"column":18}}]},"5":{"line":44,"type":"binary-expr","locations":[{"start":{"line":44,"column":16},"end":{"line":44,"column":44}},{"start":{"line":44,"column":48},"end":{"line":44,"column":66}}]},"6":{"line":50,"type":"binary-expr","locations":[{"start":{"line":50,"column":21},"end":{"line":50,"column":49}},{"start":{"line":50,"column":53},"end":{"line":50,"column":72}}]},"7":{"line":64,"type":"switch","locations":[{"start":{"line":69,"column":4},"end":{"line":70,"column":14}},{"start":{"line":75,"column":4},"end":{"line":76,"column":14}}]},"8":{"line":85,"type":"switch","locations":[{"start":{"line":90,"column":4},"end":{"line":105,"column":14}},{"start":{"line":111,"column":4},"end":{"line":193,"column":14},"skip":true}]},"9":{"line":91,"type":"binary-expr","locations":[{"start":{"line":91,"column":42},"end":{"line":91,"column":73}},{"start":{"line":91,"column":77},"end":{"line":99,"column":9}}]},"10":{"line":102,"type":"binary-expr","locations":[{"start":{"line":102,"column":18},"end":{"line":102,"column":32}},{"start":{"line":103,"column":12},"end":{"line":103,"column":53}},{"start":{"line":104,"column":12},"end":{"line":104,"column":61}}]},"11":{"line":112,"type":"binary-expr","locations":[{"start":{"line":112,"column":45},"end":{"line":112,"column":79},"skip":true},{"start":{"line":112,"column":83},"end":{"line":121,"column":9},"skip":true}]},"12":{"line":123,"type":"binary-expr","locations":[{"start":{"line":123,"column":42},"end":{"line":123,"column":73},"skip":true},{"start":{"line":123,"column":77},"end":{"line":136,"column":9},"skip":true}]},"13":{"line":138,"type":"binary-expr","locations":[{"start":{"line":138,"column":48},"end":{"line":138,"column":85},"skip":true},{"start":{"line":139,"column":12},"end":{"line":145,"column":13},"skip":true}]},"14":{"line":147,"type":"binary-expr","locations":[{"start":{"line":147,"column":42},"end":{"line":147,"column":73},"skip":true},{"start":{"line":147,"column":77},"end":{"line":156,"column":9},"skip":true}]},"15":{"line":158,"type":"binary-expr","locations":[{"start":{"line":158,"column":45},"end":{"line":158,"column":79},"skip":true},{"start":{"line":158,"column":83},"end":{"line":167,"column":9},"skip":true}]},"16":{"line":169,"type":"binary-expr","locations":[{"start":{"line":169,"column":43},"end":{"line":169,"column":75},"skip":true},{"start":{"line":169,"column":79},"end":{"line":178,"column":9},"skip":true}]},"17":{"line":180,"type":"binary-expr","locations":[{"start":{"line":180,"column":41},"end":{"line":180,"column":71},"skip":true},{"start":{"line":180,"column":75},"end":{"line":189,"column":9},"skip":true}]}},"code":["/* istanbul instrument in package npmtest_nginx_conf */","/*jslint","    bitwise: true,","    browser: true,","    maxerr: 8,","    maxlen: 96,","    node: true,","    nomen: true,","    regexp: true,","    stupid: true","*/","(function () {","    'use strict';","    var local;","","","","    // run shared js-env code - pre-init","    (function () {","        // init local","        local = {};","        // init modeJs","        local.modeJs = (function () {","            try {","                return typeof navigator.userAgent === 'string' &&","                    typeof document.querySelector('body') === 'object' &&","                    typeof XMLHttpRequest.prototype.open === 'function' &&","                    'browser';","            } catch (errorCaughtBrowser) {","                return module.exports &&","                    typeof process.versions.node === 'string' &&","                    typeof require('http').createServer === 'function' &&","                    'node';","            }","        }());","        // init global","        local.global = local.modeJs === 'browser'","            ? window","            : global;","        switch (local.modeJs) {","        // re-init local from window.local","        case 'browser':","            local = local.global.utility2.objectSetDefault(","                local.global.utility2_rollup || local.global.local,","                local.global.utility2","            );","            break;","        // re-init local from example.js","        case 'node':","            local = (local.global.utility2_rollup || require('utility2'))","                .requireReadme();","            break;","        }","        // export local","        local.global.local = local;","    }());","","","","    // run shared js-env code - function","    (function () {","        return;","    }());","    switch (local.modeJs) {","","","","    // run browser js-env code - function","    case 'browser':","        break;","","","","    // run node js-env code - function","    case 'node':","        break;","    }","","","","    // run shared js-env code - post-init","    (function () {","        return;","    }());","    switch (local.modeJs) {","","","","    // run browser js-env code - post-init","    case 'browser':","        local.testCase_browser_nullCase = local.testCase_browser_nullCase || function (","            options,","            onError","        ) {","        /*","         * this function will test browsers's null-case handling-behavior-behavior","         */","            onError(null, options);","        };","","        // run tests","        local.nop(local.modeTest &&","            document.querySelector('#testRunButton1') &&","            document.querySelector('#testRunButton1').click());","        break;","","","","    // run node js-env code - post-init","    /* istanbul ignore next */","    case 'node':","        local.testCase_buildApidoc_default = local.testCase_buildApidoc_default || function (","            options,","            onError","        ) {","        /*","         * this function will test buildApidoc's default handling-behavior-behavior","         */","            options = { modulePathList: module.paths };","            local.buildApidoc(options, onError);","        };","","        local.testCase_buildApp_default = local.testCase_buildApp_default || function (","            options,","            onError","        ) {","        /*","         * this function will test buildApp's default handling-behavior-behavior","         */","            local.testCase_buildReadme_default(options, local.onErrorThrow);","            local.testCase_buildLib_default(options, local.onErrorThrow);","            local.testCase_buildTest_default(options, local.onErrorThrow);","            local.testCase_buildCustomOrg_default(options, local.onErrorThrow);","            options = [];","            local.buildApp(options, onError);","        };","","        local.testCase_buildCustomOrg_default = local.testCase_buildCustomOrg_default ||","            function (options, onError) {","            /*","             * this function will test buildCustomOrg's default handling-behavior","             */","                options = {};","                local.buildCustomOrg(options, onError);","            };","","        local.testCase_buildLib_default = local.testCase_buildLib_default || function (","            options,","            onError","        ) {","        /*","         * this function will test buildLib's default handling-behavior","         */","            options = {};","            local.buildLib(options, onError);","        };","","        local.testCase_buildReadme_default = local.testCase_buildReadme_default || function (","            options,","            onError","        ) {","        /*","         * this function will test buildReadme's default handling-behavior-behavior","         */","            options = {};","            local.buildReadme(options, onError);","        };","","        local.testCase_buildTest_default = local.testCase_buildTest_default || function (","            options,","            onError","        ) {","        /*","         * this function will test buildTest's default handling-behavior","         */","            options = {};","            local.buildTest(options, onError);","        };","","        local.testCase_webpage_default = local.testCase_webpage_default || function (","            options,","            onError","        ) {","        /*","         * this function will test webpage's default handling-behavior","         */","            options = { modeCoverageMerge: true, url: local.serverLocalHost + '?modeTest=1' };","            local.browserTest(options, onError);","        };","","        // run test-server","        local.testRunServer(local);","        break;","    }","}());",""],"l":{"12":2,"14":2,"19":2,"21":2,"23":2,"24":2,"25":2,"30":1,"37":2,"40":2,"43":1,"47":1,"50":1,"52":1,"55":2,"61":2,"62":2,"64":2,"70":1,"76":1,"82":2,"83":2,"85":2,"91":1,"98":1,"102":1,"105":1,"112":1,"119":1,"120":1,"123":1,"130":1,"131":1,"132":1,"133":1,"134":1,"135":1,"138":1,"143":2,"144":2,"147":1,"154":2,"155":2,"158":1,"165":2,"166":2,"169":1,"176":2,"177":2,"180":1,"187":1,"188":1,"192":1,"193":1}},"/home/travis/build/npmtest/node-npmtest-nginx-conf/lib.npmtest_nginx_conf.js":{"path":"/home/travis/build/npmtest/node-npmtest-nginx-conf/lib.npmtest_nginx_conf.js","s":{"1":2,"2":2,"3":2,"4":2,"5":2,"6":2,"7":2,"8":1,"9":2,"10":2,"11":2,"12":2,"13":1,"14":1,"15":1,"16":1},"b":{"1":[2,1,1,1],"2":[1,1,1,1],"3":[1,1],"4":[2,2],"5":[1,1]},"f":{"1":2,"2":2,"3":2},"fnMap":{"1":{"name":"(anonymous_1)","line":12,"loc":{"start":{"line":12,"column":1},"end":{"line":12,"column":13}}},"2":{"name":"(anonymous_2)","line":19,"loc":{"start":{"line":19,"column":5},"end":{"line":19,"column":17}}},"3":{"name":"(anonymous_3)","line":23,"loc":{"start":{"line":23,"column":24},"end":{"line":23,"column":36}}}},"statementMap":{"1":{"start":{"line":12,"column":0},"end":{"line":53,"column":5}},"2":{"start":{"line":14,"column":4},"end":{"line":14,"column":14}},"3":{"start":{"line":19,"column":4},"end":{"line":52,"column":9}},"4":{"start":{"line":21,"column":8},"end":{"line":21,"column":19}},"5":{"start":{"line":23,"column":8},"end":{"line":35,"column":13}},"6":{"start":{"line":24,"column":12},"end":{"line":34,"column":13}},"7":{"start":{"line":25,"column":16},"end":{"line":28,"column":30}},"8":{"start":{"line":30,"column":16},"end":{"line":33,"column":27}},"9":{"start":{"line":37,"column":8},"end":{"line":39,"column":21}},"10":{"start":{"line":41,"column":8},"end":{"line":41,"column":54}},"11":{"start":{"line":43,"column":8},"end":{"line":43,"column":55}},"12":{"start":{"line":45,"column":8},"end":{"line":51,"column":9}},"13":{"start":{"line":46,"column":12},"end":{"line":46,"column":61}},"14":{"start":{"line":48,"column":12},"end":{"line":48,"column":35}},"15":{"start":{"line":49,"column":12},"end":{"line":49,"column":49}},"16":{"start":{"line":50,"column":12},"end":{"line":50,"column":43}}},"branchMap":{"1":{"line":25,"type":"binary-expr","locations":[{"start":{"line":25,"column":23},"end":{"line":25,"column":62}},{"start":{"line":26,"column":20},"end":{"line":26,"column":70}},{"start":{"line":27,"column":20},"end":{"line":27,"column":71}},{"start":{"line":28,"column":20},"end":{"line":28,"column":29}}]},"2":{"line":30,"type":"binary-expr","locations":[{"start":{"line":30,"column":23},"end":{"line":30,"column":37}},{"start":{"line":31,"column":20},"end":{"line":31,"column":61}},{"start":{"line":32,"column":20},"end":{"line":32,"column":70}},{"start":{"line":33,"column":20},"end":{"line":33,"column":26}}]},"3":{"line":37,"type":"cond-expr","locations":[{"start":{"line":38,"column":14},"end":{"line":38,"column":20}},{"start":{"line":39,"column":14},"end":{"line":39,"column":20}}]},"4":{"line":41,"type":"binary-expr","locations":[{"start":{"line":41,"column":16},"end":{"line":41,"column":44}},{"start":{"line":41,"column":48},"end":{"line":41,"column":53}}]},"5":{"line":45,"type":"if","locations":[{"start":{"line":45,"column":8},"end":{"line":45,"column":8}},{"start":{"line":45,"column":8},"end":{"line":45,"column":8}}]}},"code":["/* istanbul instrument in package npmtest_nginx_conf */","/*jslint","    bitwise: true,","    browser: true,","    maxerr: 8,","    maxlen: 96,","    node: true,","    nomen: true,","    regexp: true,","    stupid: true","*/","(function () {","    'use strict';","    var local;","","","","    // run shared js-env code - pre-init","    (function () {","        // init local","        local = {};","        // init modeJs","        local.modeJs = (function () {","            try {","                return typeof navigator.userAgent === 'string' &&","                    typeof document.querySelector('body') === 'object' &&","                    typeof XMLHttpRequest.prototype.open === 'function' &&","                    'browser';","            } catch (errorCaughtBrowser) {","                return module.exports &&","                    typeof process.versions.node === 'string' &&","                    typeof require('http').createServer === 'function' &&","                    'node';","            }","        }());","        // init global","        local.global = local.modeJs === 'browser'","            ? window","            : global;","        // init utility2_rollup","        local = local.global.utility2_rollup || local;","        // init lib","        local.local = local.npmtest_nginx_conf = local;","        // init exports","        if (local.modeJs === 'browser') {","            local.global.utility2_npmtest_nginx_conf = local;","        } else {","            module.exports = local;","            module.exports.__dirname = __dirname;","            module.exports.module = module;","        }","    }());","}());",""],"l":{"12":2,"14":2,"19":2,"21":2,"23":2,"24":2,"25":2,"30":1,"37":2,"41":2,"43":2,"45":2,"46":1,"48":1,"49":1,"50":1}},"/home/travis/build/npmtest/node-npmtest-nginx-conf/example.js":{"path":"/home/travis/build/npmtest/node-npmtest-nginx-conf/example.js","s":{"1":2,"2":2,"3":2,"4":2,"5":2,"6":2,"7":2,"8":1,"9":2,"10":2,"11":2,"12":2,"13":1,"14":2,"15":2,"16":2,"17":2,"18":2,"19":0,"20":2,"21":1,"22":1,"23":1,"24":1,"25":1,"26":0,"27":0,"28":1,"29":1,"30":2,"31":0,"32":0,"33":0,"34":1,"35":2,"36":2,"37":3,"38":3,"39":3,"40":3,"41":0,"42":3,"43":3,"44":3,"45":1,"46":3,"47":1,"48":1,"49":1,"50":1,"51":1,"52":1,"53":1,"54":1,"55":1,"56":1,"57":0,"58":1,"59":6,"60":6,"61":1,"62":2,"63":0,"64":2,"65":1,"66":1,"67":0,"68":0,"69":0,"70":0,"71":0,"72":0,"73":0,"74":0,"75":0,"76":0,"77":0,"78":0,"79":0,"80":0,"81":0,"82":0,"83":0},"b":{"1":[2,1,1,1],"2":[1,1,1,1],"3":[1,1],"4":[2,2],"5":[1,1],"6":[1,1],"7":[2,0],"8":[2,1,1,1,1,1],"9":[0,2,0],"10":[1,1],"11":[2,1,1],"12":[1,0],"13":[0,2],"14":[2,0,0,0,0,0,0],"15":[0,3],"16":[3,0],"17":[1,1],"18":[0,1],"19":[1,2,0,2],"20":[1,0],"21":[1,1],"22":[0,0],"23":[0,0],"24":[0,0],"25":[0,0],"26":[0,0],"27":[0,0],"28":[0,0]},"f":{"1":2,"2":2,"3":2,"4":2,"5":2,"6":2,"7":3,"8":3,"9":3,"10":1,"11":6,"12":0},"fnMap":{"1":{"name":"(anonymous_1)","line":26,"loc":{"start":{"line":26,"column":1},"end":{"line":26,"column":13}}},"2":{"name":"(anonymous_2)","line":33,"loc":{"start":{"line":33,"column":5},"end":{"line":33,"column":17}}},"3":{"name":"(anonymous_3)","line":37,"loc":{"start":{"line":37,"column":24},"end":{"line":37,"column":36}}},"4":{"name":"(anonymous_4)","line":69,"loc":{"start":{"line":69,"column":31},"end":{"line":69,"column":48}},"skip":true},"5":{"name":"(anonymous_5)","line":78,"loc":{"start":{"line":78,"column":26},"end":{"line":78,"column":45}},"skip":true},"6":{"name":"(anonymous_6)","line":123,"loc":{"start":{"line":123,"column":33},"end":{"line":123,"column":48}},"skip":true},"7":{"name":"(anonymous_7)","line":125,"loc":{"start":{"line":125,"column":27},"end":{"line":125,"column":39}},"skip":true},"8":{"name":"(anonymous_8)","line":133,"loc":{"start":{"line":133,"column":59},"end":{"line":133,"column":74}},"skip":true},"9":{"name":"(anonymous_9)","line":143,"loc":{"start":{"line":143,"column":45},"end":{"line":143,"column":62}},"skip":true},"10":{"name":"(anonymous_10)","line":144,"loc":{"start":{"line":144,"column":73},"end":{"line":144,"column":92}},"skip":true},"11":{"name":"(anonymous_11)","line":272,"loc":{"start":{"line":272,"column":51},"end":{"line":272,"column":77}},"skip":true},"12":{"name":"(anonymous_12)","line":315,"loc":{"start":{"line":315,"column":32},"end":{"line":315,"column":61}},"skip":true}},"statementMap":{"1":{"start":{"line":26,"column":0},"end":{"line":326,"column":5}},"2":{"start":{"line":28,"column":4},"end":{"line":28,"column":14}},"3":{"start":{"line":33,"column":4},"end":{"line":60,"column":9}},"4":{"start":{"line":35,"column":8},"end":{"line":35,"column":19}},"5":{"start":{"line":37,"column":8},"end":{"line":49,"column":13}},"6":{"start":{"line":38,"column":12},"end":{"line":48,"column":13}},"7":{"start":{"line":39,"column":16},"end":{"line":42,"column":30}},"8":{"start":{"line":44,"column":16},"end":{"line":47,"column":27}},"9":{"start":{"line":51,"column":8},"end":{"line":53,"column":21}},"10":{"start":{"line":55,"column":8},"end":{"line":57,"column":45}},"11":{"start":{"line":59,"column":8},"end":{"line":59,"column":35}},"12":{"start":{"line":61,"column":4},"end":{"line":325,"column":5}},"13":{"start":{"line":69,"column":8},"end":{"line":121,"column":10},"skip":true},"14":{"start":{"line":70,"column":12},"end":{"line":88,"column":13},"skip":true},"15":{"start":{"line":76,"column":16},"end":{"line":87,"column":19},"skip":true},"16":{"start":{"line":79,"column":20},"end":{"line":86,"column":21},"skip":true},"17":{"start":{"line":82,"column":24},"end":{"line":82,"column":43},"skip":true},"18":{"start":{"line":83,"column":24},"end":{"line":83,"column":30},"skip":true},"19":{"start":{"line":85,"column":24},"end":{"line":85,"column":49},"skip":true},"20":{"start":{"line":89,"column":12},"end":{"line":107,"column":13},"skip":true},"21":{"start":{"line":92,"column":16},"end":{"line":102,"column":17},"skip":true},"22":{"start":{"line":93,"column":20},"end":{"line":93,"column":86},"skip":true},"23":{"start":{"line":94,"column":20},"end":{"line":95,"column":45},"skip":true},"24":{"start":{"line":96,"column":20},"end":{"line":96,"column":42},"skip":true},"25":{"start":{"line":97,"column":20},"end":{"line":97,"column":48},"skip":true},"26":{"start":{"line":100,"column":20},"end":{"line":100,"column":85},"skip":true},"27":{"start":{"line":101,"column":20},"end":{"line":101,"column":96},"skip":true},"28":{"start":{"line":103,"column":16},"end":{"line":103,"column":22},"skip":true},"29":{"start":{"line":106,"column":16},"end":{"line":106,"column":22},"skip":true},"30":{"start":{"line":108,"column":12},"end":{"line":120,"column":13},"skip":true},"31":{"start":{"line":114,"column":16},"end":{"line":119,"column":17},"skip":true},"32":{"start":{"line":116,"column":20},"end":{"line":116,"column":78},"skip":true},"33":{"start":{"line":118,"column":20},"end":{"line":118,"column":47},"skip":true},"34":{"start":{"line":123,"column":8},"end":{"line":141,"column":11},"skip":true},"35":{"start":{"line":124,"column":12},"end":{"line":124,"column":54},"skip":true},"36":{"start":{"line":125,"column":12},"end":{"line":140,"column":14},"skip":true},"37":{"start":{"line":126,"column":16},"end":{"line":126,"column":28},"skip":true},"38":{"start":{"line":127,"column":16},"end":{"line":127,"column":69},"skip":true},"39":{"start":{"line":128,"column":16},"end":{"line":128,"column":75},"skip":true},"40":{"start":{"line":129,"column":16},"end":{"line":131,"column":17},"skip":true},"41":{"start":{"line":130,"column":20},"end":{"line":130,"column":27},"skip":true},"42":{"start":{"line":133,"column":16},"end":{"line":137,"column":36},"skip":true},"43":{"start":{"line":134,"column":20},"end":{"line":136,"column":55},"skip":true},"44":{"start":{"line":139,"column":16},"end":{"line":139,"column":57},"skip":true},"45":{"start":{"line":143,"column":8},"end":{"line":147,"column":11},"skip":true},"46":{"start":{"line":144,"column":12},"end":{"line":146,"column":15},"skip":true},"47":{"start":{"line":145,"column":16},"end":{"line":145,"column":70},"skip":true},"48":{"start":{"line":149,"column":8},"end":{"line":149,"column":31},"skip":true},"49":{"start":{"line":150,"column":8},"end":{"line":150,"column":14},"skip":true},"50":{"start":{"line":158,"column":8},"end":{"line":158,"column":31},"skip":true},"51":{"start":{"line":160,"column":8},"end":{"line":160,"column":33},"skip":true},"52":{"start":{"line":161,"column":8},"end":{"line":161,"column":37},"skip":true},"53":{"start":{"line":162,"column":8},"end":{"line":162,"column":35},"skip":true},"54":{"start":{"line":164,"column":8},"end":{"line":164,"column":50},"skip":true},"55":{"start":{"line":166,"column":8},"end":{"line":256,"column":2},"skip":true},"56":{"start":{"line":258,"column":8},"end":{"line":286,"column":9},"skip":true},"57":{"start":{"line":259,"column":12},"end":{"line":269,"column":14},"skip":true},"58":{"start":{"line":271,"column":12},"end":{"line":285,"column":19},"skip":true},"59":{"start":{"line":274,"column":20},"end":{"line":274,"column":35},"skip":true},"60":{"start":{"line":275,"column":20},"end":{"line":284,"column":21},"skip":true},"61":{"start":{"line":277,"column":24},"end":{"line":277,"column":64},"skip":true},"62":{"start":{"line":279,"column":24},"end":{"line":279,"column":40},"skip":true},"63":{"start":{"line":281,"column":24},"end":{"line":281,"column":40},"skip":true},"64":{"start":{"line":283,"column":24},"end":{"line":283,"column":39},"skip":true},"65":{"start":{"line":288,"column":8},"end":{"line":290,"column":9},"skip":true},"66":{"start":{"line":289,"column":12},"end":{"line":289,"column":18},"skip":true},"67":{"start":{"line":291,"column":8},"end":{"line":293,"column":54},"skip":true},"68":{"start":{"line":296,"column":8},"end":{"line":301,"column":37},"skip":true},"69":{"start":{"line":303,"column":8},"end":{"line":303,"column":82},"skip":true},"70":{"start":{"line":306,"column":8},"end":{"line":308,"column":9},"skip":true},"71":{"start":{"line":307,"column":12},"end":{"line":307,"column":82},"skip":true},"72":{"start":{"line":310,"column":8},"end":{"line":312,"column":9},"skip":true},"73":{"start":{"line":311,"column":12},"end":{"line":311,"column":18},"skip":true},"74":{"start":{"line":313,"column":8},"end":{"line":313,"column":54},"skip":true},"75":{"start":{"line":314,"column":8},"end":{"line":314,"column":69},"skip":true},"76":{"start":{"line":315,"column":8},"end":{"line":323,"column":36},"skip":true},"77":{"start":{"line":316,"column":12},"end":{"line":316,"column":61},"skip":true},"78":{"start":{"line":317,"column":12},"end":{"line":320,"column":13},"skip":true},"79":{"start":{"line":318,"column":16},"end":{"line":318,"column":75},"skip":true},"80":{"start":{"line":319,"column":16},"end":{"line":319,"column":23},"skip":true},"81":{"start":{"line":321,"column":12},"end":{"line":321,"column":38},"skip":true},"82":{"start":{"line":322,"column":12},"end":{"line":322,"column":27},"skip":true},"83":{"start":{"line":324,"column":8},"end":{"line":324,"column":14},"skip":true}},"branchMap":{"1":{"line":39,"type":"binary-expr","locations":[{"start":{"line":39,"column":23},"end":{"line":39,"column":62}},{"start":{"line":40,"column":20},"end":{"line":40,"column":70}},{"start":{"line":41,"column":20},"end":{"line":41,"column":71}},{"start":{"line":42,"column":20},"end":{"line":42,"column":29}}]},"2":{"line":44,"type":"binary-expr","locations":[{"start":{"line":44,"column":23},"end":{"line":44,"column":37}},{"start":{"line":45,"column":20},"end":{"line":45,"column":61}},{"start":{"line":46,"column":20},"end":{"line":46,"column":70}},{"start":{"line":47,"column":20},"end":{"line":47,"column":26}}]},"3":{"line":51,"type":"cond-expr","locations":[{"start":{"line":52,"column":14},"end":{"line":52,"column":20}},{"start":{"line":53,"column":14},"end":{"line":53,"column":20}}]},"4":{"line":55,"type":"binary-expr","locations":[{"start":{"line":55,"column":16},"end":{"line":55,"column":44}},{"start":{"line":55,"column":49},"end":{"line":57,"column":43}}]},"5":{"line":55,"type":"cond-expr","locations":[{"start":{"line":56,"column":14},"end":{"line":56,"column":54}},{"start":{"line":57,"column":14},"end":{"line":57,"column":43}}]},"6":{"line":61,"type":"switch","locations":[{"start":{"line":68,"column":4},"end":{"line":150,"column":14},"skip":true},{"start":{"line":156,"column":4},"end":{"line":324,"column":14},"skip":true}]},"7":{"line":70,"type":"if","locations":[{"start":{"line":70,"column":12},"end":{"line":70,"column":12},"skip":true},{"start":{"line":70,"column":12},"end":{"line":70,"column":12},"skip":true}]},"8":{"line":70,"type":"binary-expr","locations":[{"start":{"line":70,"column":16},"end":{"line":70,"column":22},"skip":true},{"start":{"line":70,"column":27},"end":{"line":70,"column":32},"skip":true},{"start":{"line":71,"column":20},"end":{"line":71,"column":39},"skip":true},{"start":{"line":72,"column":20},"end":{"line":72,"column":49},"skip":true},{"start":{"line":73,"column":20},"end":{"line":73,"column":58},"skip":true},{"start":{"line":74,"column":20},"end":{"line":74,"column":69},"skip":true}]},"9":{"line":79,"type":"switch","locations":[{"start":{"line":80,"column":20},"end":{"line":80,"column":33},"skip":true},{"start":{"line":81,"column":20},"end":{"line":83,"column":30},"skip":true},{"start":{"line":84,"column":20},"end":{"line":85,"column":49},"skip":true}]},"10":{"line":89,"type":"switch","locations":[{"start":{"line":90,"column":12},"end":{"line":103,"column":22},"skip":true},{"start":{"line":105,"column":12},"end":{"line":106,"column":22},"skip":true}]},"11":{"line":89,"type":"binary-expr","locations":[{"start":{"line":89,"column":20},"end":{"line":89,"column":25},"skip":true},{"start":{"line":89,"column":29},"end":{"line":89,"column":48},"skip":true},{"start":{"line":89,"column":52},"end":{"line":89,"column":74},"skip":true}]},"12":{"line":92,"type":"if","locations":[{"start":{"line":92,"column":16},"end":{"line":92,"column":16},"skip":true},{"start":{"line":92,"column":16},"end":{"line":92,"column":16},"skip":true}]},"13":{"line":108,"type":"if","locations":[{"start":{"line":108,"column":12},"end":{"line":108,"column":12},"skip":true},{"start":{"line":108,"column":12},"end":{"line":108,"column":12},"skip":true}]},"14":{"line":108,"type":"binary-expr","locations":[{"start":{"line":108,"column":16},"end":{"line":108,"column":61},"skip":true},{"start":{"line":108,"column":66},"end":{"line":108,"column":72},"skip":true},{"start":{"line":108,"column":77},"end":{"line":108,"column":82},"skip":true},{"start":{"line":109,"column":20},"end":{"line":109,"column":39},"skip":true},{"start":{"line":110,"column":20},"end":{"line":110,"column":49},"skip":true},{"start":{"line":111,"column":20},"end":{"line":111,"column":58},"skip":true},{"start":{"line":112,"column":20},"end":{"line":112,"column":68},"skip":true}]},"15":{"line":129,"type":"if","locations":[{"start":{"line":129,"column":16},"end":{"line":129,"column":16},"skip":true},{"start":{"line":129,"column":16},"end":{"line":129,"column":16},"skip":true}]},"16":{"line":134,"type":"cond-expr","locations":[{"start":{"line":135,"column":26},"end":{"line":135,"column":29},"skip":true},{"start":{"line":136,"column":26},"end":{"line":136,"column":54},"skip":true}]},"17":{"line":164,"type":"binary-expr","locations":[{"start":{"line":164,"column":27},"end":{"line":164,"column":43},"skip":true},{"start":{"line":164,"column":47},"end":{"line":164,"column":49},"skip":true}]},"18":{"line":258,"type":"if","locations":[{"start":{"line":258,"column":8},"end":{"line":258,"column":8},"skip":true},{"start":{"line":258,"column":8},"end":{"line":258,"column":8},"skip":true}]},"19":{"line":275,"type":"switch","locations":[{"start":{"line":276,"column":20},"end":{"line":277,"column":64},"skip":true},{"start":{"line":278,"column":20},"end":{"line":279,"column":40},"skip":true},{"start":{"line":280,"column":20},"end":{"line":281,"column":40},"skip":true},{"start":{"line":282,"column":20},"end":{"line":283,"column":39},"skip":true}]},"20":{"line":288,"type":"if","locations":[{"start":{"line":288,"column":8},"end":{"line":288,"column":8},"skip":true},{"start":{"line":288,"column":8},"end":{"line":288,"column":8},"skip":true}]},"21":{"line":288,"type":"binary-expr","locations":[{"start":{"line":288,"column":12},"end":{"line":288,"column":40},"skip":true},{"start":{"line":288,"column":44},"end":{"line":288,"column":67},"skip":true}]},"22":{"line":292,"type":"binary-expr","locations":[{"start":{"line":292,"column":12},"end":{"line":292,"column":50},"skip":true},{"start":{"line":293,"column":12},"end":{"line":293,"column":53},"skip":true}]},"23":{"line":297,"type":"binary-expr","locations":[{"start":{"line":297,"column":12},"end":{"line":297,"column":68},"skip":true},{"start":{"line":298,"column":12},"end":{"line":301,"column":36},"skip":true}]},"24":{"line":303,"type":"binary-expr","locations":[{"start":{"line":303,"column":43},"end":{"line":303,"column":75},"skip":true},{"start":{"line":303,"column":79},"end":{"line":303,"column":81},"skip":true}]},"25":{"line":306,"type":"if","locations":[{"start":{"line":306,"column":8},"end":{"line":306,"column":8},"skip":true},{"start":{"line":306,"column":8},"end":{"line":306,"column":8},"skip":true}]},"26":{"line":310,"type":"if","locations":[{"start":{"line":310,"column":8},"end":{"line":310,"column":8},"skip":true},{"start":{"line":310,"column":8},"end":{"line":310,"column":8},"skip":true}]},"27":{"line":313,"type":"binary-expr","locations":[{"start":{"line":313,"column":27},"end":{"line":313,"column":43},"skip":true},{"start":{"line":313,"column":47},"end":{"line":313,"column":53},"skip":true}]},"28":{"line":317,"type":"if","locations":[{"start":{"line":317,"column":12},"end":{"line":317,"column":12},"skip":true},{"start":{"line":317,"column":12},"end":{"line":317,"column":12},"skip":true}]}},"code":["/*","example.js","","quickstart example","","instruction","    1. save this script as example.js","    2. run the shell command:","        $ npm install npmtest-nginx-conf && PORT=8081 node example.js","    3. play with the browser-demo on http://127.0.0.1:8081","*/","","","","/* istanbul instrument in package npmtest_nginx_conf */","/*jslint","    bitwise: true,","    browser: true,","    maxerr: 8,","    maxlen: 96,","    node: true,","    nomen: true,","    regexp: true,","    stupid: true","*/","(function () {","    'use strict';","    var local;","","","","    // run shared js-env code - pre-init","    (function () {","        // init local","        local = {};","        // init modeJs","        local.modeJs = (function () {","            try {","                return typeof navigator.userAgent === 'string' &&","                    typeof document.querySelector('body') === 'object' &&","                    typeof XMLHttpRequest.prototype.open === 'function' &&","                    'browser';","            } catch (errorCaughtBrowser) {","                return module.exports &&","                    typeof process.versions.node === 'string' &&","                    typeof require('http').createServer === 'function' &&","                    'node';","            }","        }());","        // init global","        local.global = local.modeJs === 'browser'","            ? window","            : global;","        // init utility2_rollup","        local = local.global.utility2_rollup || (local.modeJs === 'browser'","            ? local.global.utility2_npmtest_nginx_conf","            : global.utility2_moduleExports);","        // export local","        local.global.local = local;","    }());","    switch (local.modeJs) {","","","","    // post-init","    // run browser js-env code - post-init","    /* istanbul ignore next */","    case 'browser':","        local.testRunBrowser = function (event) {","            if (!event || (event &&","                    event.currentTarget &&","                    event.currentTarget.className &&","                    event.currentTarget.className.includes &&","                    event.currentTarget.className.includes('onreset'))) {","                // reset output","                Array.from(","                    document.querySelectorAll('body > .resettable')","                ).forEach(function (element) {","                    switch (element.tagName) {","                    case 'INPUT':","                    case 'TEXTAREA':","                        element.value = '';","                        break;","                    default:","                        element.textContent = '';","                    }","                });","            }","            switch (event && event.currentTarget && event.currentTarget.id) {","            case 'testRunButton1':","                // show tests","                if (document.querySelector('#testReportDiv1').style.display === 'none') {","                    document.querySelector('#testReportDiv1').style.display = 'block';","                    document.querySelector('#testRunButton1').textContent =","                        'hide internal test';","                    local.modeTest = true;","                    local.testRunDefault(local);","                // hide tests","                } else {","                    document.querySelector('#testReportDiv1').style.display = 'none';","                    document.querySelector('#testRunButton1').textContent = 'run internal test';","                }","                break;","            // custom-case","            default:","                break;","            }","            if (document.querySelector('#inputTextareaEval1') && (!event || (event &&","                    event.currentTarget &&","                    event.currentTarget.className &&","                    event.currentTarget.className.includes &&","                    event.currentTarget.className.includes('oneval')))) {","                // try to eval input-code","                try {","                    /*jslint evil: true*/","                    eval(document.querySelector('#inputTextareaEval1').value);","                } catch (errorCaught) {","                    console.error(errorCaught);","                }","            }","        };","        // log stderr and stdout to #outputTextareaStdout1","        ['error', 'log'].forEach(function (key) {","            console[key + '_original'] = console[key];","            console[key] = function () {","                var element;","                console[key + '_original'].apply(console, arguments);","                element = document.querySelector('#outputTextareaStdout1');","                if (!element) {","                    return;","                }","                // append text to #outputTextareaStdout1","                element.value += Array.from(arguments).map(function (arg) {","                    return typeof arg === 'string'","                        ? arg","                        : JSON.stringify(arg, null, 4);","                }).join(' ') + '\\n';","                // scroll textarea to bottom","                element.scrollTop = element.scrollHeight;","            };","        });","        // init event-handling","        ['change', 'click', 'keyup'].forEach(function (event) {","            Array.from(document.querySelectorAll('.on' + event)).forEach(function (element) {","                element.addEventListener(event, local.testRunBrowser);","            });","        });","        // run tests","        local.testRunBrowser();","        break;","","","","    // run node js-env code - post-init","    /* istanbul ignore next */","    case 'node':","        // export local","        module.exports = local;","        // require modules","        local.fs = require('fs');","        local.http = require('http');","        local.url = require('url');","        // init assets","        local.assetsDict = local.assetsDict || {};","        /* jslint-ignore-begin */","        local.assetsDict['/assets.index.template.html'] = '\\","<!doctype html>\\n\\","<html lang=\"en\">\\n\\","<head>\\n\\","<meta charset=\"UTF-8\">\\n\\","<meta name=\"viewport\" content=\"width=device-width, initial-scale=1\">\\n\\","<title>{{env.npm_package_name}} (v{{env.npm_package_version}})</title>\\n\\","<style>\\n\\","/*csslint\\n\\","    box-sizing: false,\\n\\","    universal-selector: false\\n\\","*/\\n\\","* {\\n\\","    box-sizing: border-box;\\n\\","}\\n\\","body {\\n\\","    background: #dde;\\n\\","    font-family: Arial, Helvetica, sans-serif;\\n\\","    margin: 2rem;\\n\\","}\\n\\","body > * {\\n\\","    margin-bottom: 1rem;\\n\\","}\\n\\",".utility2FooterDiv {\\n\\","    margin-top: 20px;\\n\\","    text-align: center;\\n\\","}\\n\\","</style>\\n\\","<style>\\n\\","/*csslint\\n\\","*/\\n\\","textarea {\\n\\","    font-family: monospace;\\n\\","    height: 10rem;\\n\\","    width: 100%;\\n\\","}\\n\\","textarea[readonly] {\\n\\","    background: #ddd;\\n\\","}\\n\\","</style>\\n\\","</head>\\n\\","<body>\\n\\","<!-- utility2-comment\\n\\","<div id=\"ajaxProgressDiv1\" style=\"background: #d00; height: 2px; left: 0; margin: 0; padding: 0; position: fixed; top: 0; transition: background 0.5s, width 1.5s; width: 25%;\"></div>\\n\\","utility2-comment -->\\n\\","<h1>\\n\\","<!-- utility2-comment\\n\\","    <a\\n\\","        {{#if env.npm_package_homepage}}\\n\\","        href=\"{{env.npm_package_homepage}}\"\\n\\","        {{/if env.npm_package_homepage}}\\n\\","        target=\"_blank\"\\n\\","    >\\n\\","utility2-comment -->\\n\\","        {{env.npm_package_name}} (v{{env.npm_package_version}})\\n\\","<!-- utility2-comment\\n\\","    </a>\\n\\","utility2-comment -->\\n\\","</h1>\\n\\","<h3>{{env.npm_package_description}}</h3>\\n\\","<!-- utility2-comment\\n\\","<h4><a download href=\"assets.app.js\">download standalone app</a></h4>\\n\\","<button class=\"onclick onreset\" id=\"testRunButton1\">run internal test</button><br>\\n\\","<div id=\"testReportDiv1\" style=\"display: none;\"></div>\\n\\","utility2-comment -->\\n\\","\\n\\","\\n\\","\\n\\","<label>stderr and stdout</label>\\n\\","<textarea class=\"resettable\" id=\"outputTextareaStdout1\" readonly></textarea>\\n\\","<!-- utility2-comment\\n\\","{{#if isRollup}}\\n\\","<script src=\"assets.app.js\"></script>\\n\\","{{#unless isRollup}}\\n\\","utility2-comment -->\\n\\","<script src=\"assets.utility2.rollup.js\"></script>\\n\\","<script src=\"jsonp.utility2._stateInit?callback=window.utility2._stateInit\"></script>\\n\\","<script src=\"assets.npmtest_nginx_conf.rollup.js\"></script>\\n\\","<script src=\"assets.example.js\"></script>\\n\\","<script src=\"assets.test.js\"></script>\\n\\","<!-- utility2-comment\\n\\","{{/if isRollup}}\\n\\","utility2-comment -->\\n\\","<div class=\"utility2FooterDiv\">\\n\\","    [ this app was created with\\n\\","    <a href=\"https://github.com/kaizhu256/node-utility2\" target=\"_blank\">utility2</a>\\n\\","    ]\\n\\","</div>\\n\\","</body>\\n\\","</html>\\n\\","';","        /* jslint-ignore-end */","        if (local.templateRender) {","            local.assetsDict['/'] = local.templateRender(","                local.assetsDict['/assets.index.template.html'],","                {","                    env: local.objectSetDefault(local.env, {","                        npm_package_description: 'the greatest app in the world!',","                        npm_package_name: 'my-app',","                        npm_package_nameAlias: 'my_app',","                        npm_package_version: '0.0.1'","                    })","                }","            );","        } else {","            local.assetsDict['/'] = local.assetsDict['/assets.index.template.html']","                .replace((/\\{\\{env\\.(\\w+?)\\}\\}/g), function (match0, match1) {","                    // jslint-hack","                    String(match0);","                    switch (match1) {","                    case 'npm_package_description':","                        return 'the greatest app in the world!';","                    case 'npm_package_name':","                        return 'my-app';","                    case 'npm_package_nameAlias':","                        return 'my_app';","                    case 'npm_package_version':","                        return '0.0.1';","                    }","                });","        }","        // run the cli","        if (local.global.utility2_rollup || module !== require.main) {","            break;","        }","        local.assetsDict['/assets.example.js'] =","            local.assetsDict['/assets.example.js'] ||","            local.fs.readFileSync(__filename, 'utf8');","        // bug-workaround - long $npm_package_buildCustomOrg","        /* jslint-ignore-begin */","        local.assetsDict['/assets.npmtest_nginx_conf.rollup.js'] =","            local.assetsDict['/assets.npmtest_nginx_conf.rollup.js'] ||","            local.fs.readFileSync(","                local.npmtest_nginx_conf.__dirname + '/lib.npmtest_nginx_conf.js',","                'utf8'","            ).replace((/^#!/), '//');","        /* jslint-ignore-end */","        local.assetsDict['/favicon.ico'] = local.assetsDict['/favicon.ico'] || '';","        // if $npm_config_timeout_exit exists,","        // then exit this process after $npm_config_timeout_exit ms","        if (Number(process.env.npm_config_timeout_exit)) {","            setTimeout(process.exit, Number(process.env.npm_config_timeout_exit));","        }","        // start server","        if (local.global.utility2_serverHttp1) {","            break;","        }","        process.env.PORT = process.env.PORT || '8081';","        console.error('server starting on port ' + process.env.PORT);","        local.http.createServer(function (request, response) {","            request.urlParsed = local.url.parse(request.url);","            if (local.assetsDict[request.urlParsed.pathname] !== undefined) {","                response.end(local.assetsDict[request.urlParsed.pathname]);","                return;","            }","            response.statusCode = 404;","            response.end();","        }).listen(process.env.PORT);","        break;","    }","}());",""],"l":{"26":2,"28":2,"33":2,"35":2,"37":2,"38":2,"39":2,"44":1,"51":2,"55":2,"59":2,"61":2,"69":1,"70":2,"76":2,"79":2,"82":2,"83":2,"85":1,"89":2,"92":1,"93":1,"94":1,"96":1,"97":1,"100":1,"101":1,"103":1,"106":1,"108":2,"114":1,"116":1,"118":1,"123":1,"124":2,"125":2,"126":3,"127":3,"128":3,"129":3,"130":1,"133":3,"134":3,"139":3,"143":1,"144":3,"145":1,"149":1,"150":1,"158":1,"160":1,"161":1,"162":1,"164":1,"166":1,"258":1,"259":1,"271":1,"274":6,"275":6,"277":1,"279":2,"281":1,"283":2,"288":1,"289":1,"291":1,"296":1,"303":1,"306":1,"307":1,"310":1,"311":1,"313":1,"314":1,"315":1,"316":1,"317":1,"318":1,"319":1,"321":1,"322":1,"324":1}},"/home/travis/build/npmtest/node-npmtest-nginx-conf/node_modules/nginx-conf/index.js":{"path":"/home/travis/build/npmtest/node-npmtest-nginx-conf/node_modules/nginx-conf/index.js","s":{"1":1,"2":1,"3":1,"4":1,"5":1,"6":1},"b":{},"f":{},"fnMap":{},"statementMap":{"1":{"start":{"line":1,"column":0},"end":{"line":2,"column":34}},"2":{"start":{"line":4,"column":0},"end":{"line":4,"column":30}},"3":{"start":{"line":5,"column":0},"end":{"line":5,"column":60}},"4":{"start":{"line":6,"column":0},"end":{"line":6,"column":41}},"5":{"start":{"line":7,"column":0},"end":{"line":7,"column":37}},"6":{"start":{"line":8,"column":0},"end":{"line":8,"column":29}}},"branchMap":{},"code":["var pkg = require('./package.json'),","\tparser = require('./src/parser');","","exports.version = pkg.version;","exports.NginxConfFile = require('./src/conf').NginxConfFile;","exports.NginxParser = parser.NginxParser;","exports.parseFile = parser.parseFile;","exports.parse = parser.parse;"],"l":{"1":1,"4":1,"5":1,"6":1,"7":1,"8":1}},"/home/travis/build/npmtest/node-npmtest-nginx-conf/node_modules/nginx-conf/src/parser.js":{"path":"/home/travis/build/npmtest/node-npmtest-nginx-conf/node_modules/nginx-conf/src/parser.js","s":{"1":1,"2":1,"3":0,"4":0,"5":0,"6":0,"7":0,"8":0,"9":1,"10":0,"11":0,"12":0,"13":0,"14":0,"15":1,"16":0,"17":0,"18":0,"19":0,"20":0,"21":0,"22":0,"23":0,"24":0,"25":0,"26":0,"27":1,"28":0,"29":0,"30":0,"31":0,"32":0,"33":0,"34":0,"35":0,"36":0,"37":0,"38":0,"39":0,"40":0,"41":0,"42":0,"43":0,"44":0,"45":0,"46":0,"47":0,"48":0,"49":0,"50":0,"51":0,"52":0,"53":0,"54":0,"55":0,"56":0,"57":0,"58":0,"59":0,"60":0,"61":0,"62":0,"63":0,"64":0,"65":1,"66":0,"67":0,"68":0,"69":0,"70":0,"71":0,"72":0,"73":0,"74":0,"75":0,"76":0,"77":0,"78":0,"79":0,"80":0,"81":1,"82":0,"83":0,"84":1,"85":0,"86":0,"87":0,"88":0,"89":0,"90":0,"91":1,"92":0,"93":0,"94":0,"95":1,"96":0,"97":0,"98":0,"99":0,"100":0,"101":0,"102":0,"103":0,"104":0,"105":0,"106":0,"107":0,"108":0,"109":0,"110":0,"111":1,"112":0,"113":0,"114":0,"115":0,"116":0,"117":0,"118":1,"119":1,"120":0,"121":1,"122":0},"b":{"1":[0,0],"2":[0,0],"3":[0,0],"4":[0,0],"5":[0,0],"6":[0,0],"7":[0,0],"8":[0,0],"9":[0,0,0,0,0,0,0,0,0],"10":[0,0],"11":[0,0,0],"12":[0,0],"13":[0,0],"14":[0,0],"15":[0,0],"16":[0,0],"17":[0,0],"18":[0,0],"19":[0,0],"20":[0,0],"21":[0,0],"22":[0,0],"23":[0,0],"24":[0,0],"25":[0,0],"26":[0,0],"27":[0,0],"28":[0,0],"29":[0,0]},"f":{"1":0,"2":0,"3":0,"4":0,"5":0,"6":0,"7":0,"8":0,"9":0,"10":0,"11":0,"12":0,"13":0},"fnMap":{"1":{"name":"NginxParseTreeNode","line":3,"loc":{"start":{"line":3,"column":0},"end":{"line":3,"column":59}}},"2":{"name":"NginxParser","line":12,"loc":{"start":{"line":12,"column":0},"end":{"line":12,"column":23}}},"3":{"name":"(anonymous_3)","line":20,"loc":{"start":{"line":20,"column":30},"end":{"line":20,"column":57}}},"4":{"name":"(anonymous_4)","line":38,"loc":{"start":{"line":38,"column":34},"end":{"line":38,"column":45}}},"5":{"name":"(anonymous_5)","line":113,"loc":{"start":{"line":113,"column":35},"end":{"line":113,"column":46}}},"6":{"name":"(anonymous_6)","line":138,"loc":{"start":{"line":138,"column":33},"end":{"line":138,"column":51}}},"7":{"name":"(anonymous_7)","line":148,"loc":{"start":{"line":148,"column":33},"end":{"line":148,"column":44}}},"8":{"name":"(anonymous_8)","line":158,"loc":{"start":{"line":158,"column":36},"end":{"line":158,"column":47}}},"9":{"name":"(anonymous_9)","line":164,"loc":{"start":{"line":164,"column":42},"end":{"line":164,"column":53}}},"10":{"name":"(anonymous_10)","line":198,"loc":{"start":{"line":198,"column":34},"end":{"line":198,"column":69}}},"11":{"name":"(anonymous_11)","line":200,"loc":{"start":{"line":200,"column":29},"end":{"line":200,"column":53}}},"12":{"name":"(anonymous_12)","line":211,"loc":{"start":{"line":211,"column":16},"end":{"line":211,"column":43}}},"13":{"name":"(anonymous_13)","line":214,"loc":{"start":{"line":214,"column":20},"end":{"line":214,"column":55}}}},"statementMap":{"1":{"start":{"line":1,"column":0},"end":{"line":1,"column":23}},"2":{"start":{"line":3,"column":0},"end":{"line":10,"column":1}},"3":{"start":{"line":4,"column":1},"end":{"line":4,"column":24}},"4":{"start":{"line":5,"column":1},"end":{"line":5,"column":26}},"5":{"start":{"line":6,"column":1},"end":{"line":6,"column":30}},"6":{"start":{"line":7,"column":1},"end":{"line":7,"column":32}},"7":{"start":{"line":8,"column":1},"end":{"line":8,"column":20}},"8":{"start":{"line":9,"column":1},"end":{"line":9,"column":25}},"9":{"start":{"line":12,"column":0},"end":{"line":18,"column":1}},"10":{"start":{"line":13,"column":1},"end":{"line":13,"column":18}},"11":{"start":{"line":14,"column":1},"end":{"line":14,"column":17}},"12":{"start":{"line":15,"column":1},"end":{"line":15,"column":18}},"13":{"start":{"line":16,"column":1},"end":{"line":16,"column":21}},"14":{"start":{"line":17,"column":1},"end":{"line":17,"column":19}},"15":{"start":{"line":20,"column":0},"end":{"line":36,"column":2}},"16":{"start":{"line":21,"column":1},"end":{"line":21,"column":22}},"17":{"start":{"line":22,"column":1},"end":{"line":22,"column":16}},"18":{"start":{"line":23,"column":1},"end":{"line":23,"column":46}},"19":{"start":{"line":24,"column":1},"end":{"line":24,"column":62}},"20":{"start":{"line":25,"column":1},"end":{"line":25,"column":19}},"21":{"start":{"line":27,"column":1},"end":{"line":33,"column":43}},"22":{"start":{"line":28,"column":2},"end":{"line":28,"column":19}},"23":{"start":{"line":29,"column":2},"end":{"line":32,"column":3}},"24":{"start":{"line":30,"column":3},"end":{"line":30,"column":47}},"25":{"start":{"line":31,"column":3},"end":{"line":31,"column":10}},"26":{"start":{"line":35,"column":1},"end":{"line":35,"column":45}},"27":{"start":{"line":38,"column":0},"end":{"line":111,"column":2}},"28":{"start":{"line":39,"column":1},"end":{"line":40,"column":8}},"29":{"start":{"line":42,"column":1},"end":{"line":44,"column":2}},"30":{"start":{"line":43,"column":2},"end":{"line":43,"column":9}},"31":{"start":{"line":46,"column":1},"end":{"line":110,"column":2}},"32":{"start":{"line":49,"column":3},"end":{"line":49,"column":50}},"33":{"start":{"line":50,"column":3},"end":{"line":50,"column":51}},"34":{"start":{"line":52,"column":3},"end":{"line":70,"column":4}},"35":{"start":{"line":55,"column":4},"end":{"line":62,"column":5}},"36":{"start":{"line":58,"column":5},"end":{"line":60,"column":7}},"37":{"start":{"line":61,"column":5},"end":{"line":61,"column":11}},"38":{"start":{"line":64,"column":4},"end":{"line":64,"column":50}},"39":{"start":{"line":65,"column":4},"end":{"line":65,"column":35}},"40":{"start":{"line":66,"column":4},"end":{"line":66,"column":75}},"41":{"start":{"line":69,"column":4},"end":{"line":69,"column":102}},"42":{"start":{"line":72,"column":3},"end":{"line":72,"column":16}},"43":{"start":{"line":73,"column":3},"end":{"line":73,"column":9}},"44":{"start":{"line":76,"column":3},"end":{"line":76,"column":81}},"45":{"start":{"line":77,"column":3},"end":{"line":77,"column":16}},"46":{"start":{"line":78,"column":3},"end":{"line":78,"column":9}},"47":{"start":{"line":81,"column":3},"end":{"line":83,"column":4}},"48":{"start":{"line":82,"column":4},"end":{"line":82,"column":28}},"49":{"start":{"line":84,"column":3},"end":{"line":84,"column":16}},"50":{"start":{"line":85,"column":3},"end":{"line":85,"column":9}},"51":{"start":{"line":88,"column":3},"end":{"line":92,"column":4}},"52":{"start":{"line":89,"column":4},"end":{"line":89,"column":42}},"53":{"start":{"line":91,"column":4},"end":{"line":91,"column":44}},"54":{"start":{"line":93,"column":3},"end":{"line":93,"column":9}},"55":{"start":{"line":95,"column":3},"end":{"line":95,"column":50}},"56":{"start":{"line":96,"column":3},"end":{"line":96,"column":9}},"57":{"start":{"line":98,"column":3},"end":{"line":98,"column":27}},"58":{"start":{"line":99,"column":3},"end":{"line":108,"column":4}},"59":{"start":{"line":100,"column":4},"end":{"line":100,"column":37}},"60":{"start":{"line":102,"column":4},"end":{"line":102,"column":60}},"61":{"start":{"line":103,"column":4},"end":{"line":105,"column":5}},"62":{"start":{"line":104,"column":5},"end":{"line":104,"column":32}},"63":{"start":{"line":107,"column":4},"end":{"line":107,"column":32}},"64":{"start":{"line":109,"column":3},"end":{"line":109,"column":9}},"65":{"start":{"line":113,"column":0},"end":{"line":136,"column":2}},"66":{"start":{"line":114,"column":1},"end":{"line":115,"column":20}},"67":{"start":{"line":116,"column":1},"end":{"line":128,"column":2}},"68":{"start":{"line":117,"column":2},"end":{"line":121,"column":3}},"69":{"start":{"line":118,"column":3},"end":{"line":118,"column":62}},"70":{"start":{"line":119,"column":3},"end":{"line":119,"column":7}},"71":{"start":{"line":120,"column":3},"end":{"line":120,"column":12}},"72":{"start":{"line":122,"column":2},"end":{"line":125,"column":3}},"73":{"start":{"line":123,"column":3},"end":{"line":123,"column":22}},"74":{"start":{"line":124,"column":3},"end":{"line":124,"column":9}},"75":{"start":{"line":127,"column":2},"end":{"line":127,"column":33}},"76":{"start":{"line":130,"column":1},"end":{"line":133,"column":2}},"77":{"start":{"line":131,"column":2},"end":{"line":131,"column":87}},"78":{"start":{"line":132,"column":2},"end":{"line":132,"column":12}},"79":{"start":{"line":134,"column":1},"end":{"line":134,"column":28}},"80":{"start":{"line":135,"column":1},"end":{"line":135,"column":14}},"81":{"start":{"line":138,"column":0},"end":{"line":146,"column":2}},"82":{"start":{"line":139,"column":1},"end":{"line":139,"column":81}},"83":{"start":{"line":141,"column":1},"end":{"line":145,"column":3}},"84":{"start":{"line":148,"column":0},"end":{"line":156,"column":2}},"85":{"start":{"line":149,"column":1},"end":{"line":149,"column":73}},"86":{"start":{"line":150,"column":1},"end":{"line":153,"column":2}},"87":{"start":{"line":151,"column":2},"end":{"line":151,"column":69}},"88":{"start":{"line":152,"column":2},"end":{"line":152,"column":12}},"89":{"start":{"line":154,"column":1},"end":{"line":154,"column":32}},"90":{"start":{"line":155,"column":1},"end":{"line":155,"column":18}},"91":{"start":{"line":158,"column":0},"end":{"line":162,"column":2}},"92":{"start":{"line":159,"column":1},"end":{"line":159,"column":75}},"93":{"start":{"line":160,"column":1},"end":{"line":160,"column":45}},"94":{"start":{"line":161,"column":1},"end":{"line":161,"column":31}},"95":{"start":{"line":164,"column":0},"end":{"line":196,"column":2}},"96":{"start":{"line":167,"column":1},"end":{"line":170,"column":14}},"97":{"start":{"line":172,"column":1},"end":{"line":188,"column":2}},"98":{"start":{"line":173,"column":2},"end":{"line":180,"column":3}},"99":{"start":{"line":175,"column":4},"end":{"line":175,"column":22}},"100":{"start":{"line":176,"column":4},"end":{"line":176,"column":10}},"101":{"start":{"line":178,"column":4},"end":{"line":178,"column":22}},"102":{"start":{"line":179,"column":4},"end":{"line":179,"column":10}},"103":{"start":{"line":182,"column":2},"end":{"line":182,"column":20}},"104":{"start":{"line":183,"column":2},"end":{"line":183,"column":15}},"105":{"start":{"line":185,"column":2},"end":{"line":187,"column":3}},"106":{"start":{"line":186,"column":3},"end":{"line":186,"column":9}},"107":{"start":{"line":190,"column":1},"end":{"line":193,"column":2}},"108":{"start":{"line":191,"column":2},"end":{"line":191,"column":90}},"109":{"start":{"line":192,"column":2},"end":{"line":192,"column":12}},"110":{"start":{"line":195,"column":1},"end":{"line":195,"column":51}},"111":{"start":{"line":198,"column":0},"end":{"line":208,"column":2}},"112":{"start":{"line":199,"column":1},"end":{"line":199,"column":19}},"113":{"start":{"line":200,"column":1},"end":{"line":207,"column":4}},"114":{"start":{"line":201,"column":2},"end":{"line":204,"column":3}},"115":{"start":{"line":202,"column":3},"end":{"line":202,"column":29}},"116":{"start":{"line":203,"column":3},"end":{"line":203,"column":10}},"117":{"start":{"line":206,"column":2},"end":{"line":206,"column":35}},"118":{"start":{"line":210,"column":0},"end":{"line":210,"column":34}},"119":{"start":{"line":211,"column":0},"end":{"line":213,"column":2}},"120":{"start":{"line":212,"column":1},"end":{"line":212,"column":43}},"121":{"start":{"line":214,"column":0},"end":{"line":216,"column":2}},"122":{"start":{"line":215,"column":1},"end":{"line":215,"column":55}}},"branchMap":{"1":{"line":4,"type":"binary-expr","locations":[{"start":{"line":4,"column":13},"end":{"line":4,"column":17}},{"start":{"line":4,"column":21},"end":{"line":4,"column":23}}]},"2":{"line":5,"type":"binary-expr","locations":[{"start":{"line":5,"column":14},"end":{"line":5,"column":19}},{"start":{"line":5,"column":23},"end":{"line":5,"column":25}}]},"3":{"line":6,"type":"binary-expr","locations":[{"start":{"line":6,"column":15},"end":{"line":6,"column":21}},{"start":{"line":6,"column":25},"end":{"line":6,"column":29}}]},"4":{"line":7,"type":"binary-expr","locations":[{"start":{"line":7,"column":17},"end":{"line":7,"column":25}},{"start":{"line":7,"column":29},"end":{"line":7,"column":31}}]},"5":{"line":29,"type":"if","locations":[{"start":{"line":29,"column":2},"end":{"line":29,"column":2}},{"start":{"line":29,"column":2},"end":{"line":29,"column":2}}]},"6":{"line":30,"type":"binary-expr","locations":[{"start":{"line":30,"column":3},"end":{"line":30,"column":11}},{"start":{"line":30,"column":15},"end":{"line":30,"column":46}}]},"7":{"line":35,"type":"binary-expr","locations":[{"start":{"line":35,"column":1},"end":{"line":35,"column":9}},{"start":{"line":35,"column":13},"end":{"line":35,"column":44}}]},"8":{"line":42,"type":"if","locations":[{"start":{"line":42,"column":1},"end":{"line":42,"column":1}},{"start":{"line":42,"column":1},"end":{"line":42,"column":1}}]},"9":{"line":46,"type":"switch","locations":[{"start":{"line":47,"column":2},"end":{"line":47,"column":11}},{"start":{"line":48,"column":2},"end":{"line":73,"column":9}},{"start":{"line":74,"column":2},"end":{"line":78,"column":9}},{"start":{"line":79,"column":2},"end":{"line":79,"column":12}},{"start":{"line":80,"column":2},"end":{"line":85,"column":9}},{"start":{"line":86,"column":2},"end":{"line":86,"column":12}},{"start":{"line":87,"column":2},"end":{"line":93,"column":9}},{"start":{"line":94,"column":2},"end":{"line":96,"column":9}},{"start":{"line":97,"column":2},"end":{"line":109,"column":9}}]},"10":{"line":52,"type":"if","locations":[{"start":{"line":52,"column":3},"end":{"line":52,"column":3}},{"start":{"line":52,"column":3},"end":{"line":52,"column":3}}]},"11":{"line":52,"type":"binary-expr","locations":[{"start":{"line":52,"column":7},"end":{"line":52,"column":16}},{"start":{"line":52,"column":20},"end":{"line":52,"column":37}},{"start":{"line":52,"column":41},"end":{"line":52,"column":81}}]},"12":{"line":55,"type":"if","locations":[{"start":{"line":55,"column":4},"end":{"line":55,"column":4}},{"start":{"line":55,"column":4},"end":{"line":55,"column":4}}]},"13":{"line":69,"type":"cond-expr","locations":[{"start":{"line":69,"column":66},"end":{"line":69,"column":78}},{"start":{"line":69,"column":81},"end":{"line":69,"column":100}}]},"14":{"line":81,"type":"if","locations":[{"start":{"line":81,"column":3},"end":{"line":81,"column":3}},{"start":{"line":81,"column":3},"end":{"line":81,"column":3}}]},"15":{"line":88,"type":"if","locations":[{"start":{"line":88,"column":3},"end":{"line":88,"column":3}},{"start":{"line":88,"column":3},"end":{"line":88,"column":3}}]},"16":{"line":99,"type":"if","locations":[{"start":{"line":99,"column":3},"end":{"line":99,"column":3}},{"start":{"line":99,"column":3},"end":{"line":99,"column":3}}]},"17":{"line":103,"type":"if","locations":[{"start":{"line":103,"column":4},"end":{"line":103,"column":4}},{"start":{"line":103,"column":4},"end":{"line":103,"column":4}}]},"18":{"line":117,"type":"if","locations":[{"start":{"line":117,"column":2},"end":{"line":117,"column":2}},{"start":{"line":117,"column":2},"end":{"line":117,"column":2}}]},"19":{"line":122,"type":"if","locations":[{"start":{"line":122,"column":2},"end":{"line":122,"column":2}},{"start":{"line":122,"column":2},"end":{"line":122,"column":2}}]},"20":{"line":130,"type":"if","locations":[{"start":{"line":130,"column":1},"end":{"line":130,"column":1}},{"start":{"line":130,"column":1},"end":{"line":130,"column":1}}]},"21":{"line":130,"type":"binary-expr","locations":[{"start":{"line":130,"column":5},"end":{"line":130,"column":21}},{"start":{"line":130,"column":25},"end":{"line":130,"column":69}}]},"22":{"line":139,"type":"binary-expr","locations":[{"start":{"line":139,"column":13},"end":{"line":139,"column":62}},{"start":{"line":139,"column":66},"end":{"line":139,"column":68}}]},"23":{"line":150,"type":"if","locations":[{"start":{"line":150,"column":1},"end":{"line":150,"column":1}},{"start":{"line":150,"column":1},"end":{"line":150,"column":1}}]},"24":{"line":160,"type":"cond-expr","locations":[{"start":{"line":160,"column":24},"end":{"line":160,"column":40}},{"start":{"line":160,"column":43},"end":{"line":160,"column":44}}]},"25":{"line":173,"type":"switch","locations":[{"start":{"line":174,"column":3},"end":{"line":176,"column":10}},{"start":{"line":177,"column":3},"end":{"line":179,"column":10}}]},"26":{"line":185,"type":"if","locations":[{"start":{"line":185,"column":2},"end":{"line":185,"column":2}},{"start":{"line":185,"column":2},"end":{"line":185,"column":2}}]},"27":{"line":190,"type":"if","locations":[{"start":{"line":190,"column":1},"end":{"line":190,"column":1}},{"start":{"line":190,"column":1},"end":{"line":190,"column":1}}]},"28":{"line":201,"type":"if","locations":[{"start":{"line":201,"column":2},"end":{"line":201,"column":2}},{"start":{"line":201,"column":2},"end":{"line":201,"column":2}}]},"29":{"line":202,"type":"binary-expr","locations":[{"start":{"line":202,"column":3},"end":{"line":202,"column":11}},{"start":{"line":202,"column":15},"end":{"line":202,"column":28}}]}},"code":["var fs = require('fs');","","function NginxParseTreeNode(name, value, parent, children) {","\tthis.name = name || '';","\tthis.value = value || '';","\tthis.parent = parent || null;","\tthis.children = children || [];","\tthis.comments = [];","\tthis.isVerbatim = false;","}","","function NginxParser() {","\tthis.source = '';","\tthis.index = -1;","\tthis.tree = null;","\tthis.context = null;","\tthis.error = null;","}","","NginxParser.prototype.parse = function(source, callback) {","\tthis.source = source;","\tthis.index = 0;","\tthis.tree = new NginxParseTreeNode('[root]');","\tthis.context = new NginxParseTreeNode(null, null, this.tree);","\tthis.error = null;","","\tdo {","\t\tthis.parseNext();","\t\tif (this.error) {","\t\t\tcallback && callback(this.error, this.tree);","\t\t\treturn;","\t\t}","\t} while (this.index < this.source.length);","","\tcallback && callback(this.error, this.tree);","};","","NginxParser.prototype.parseNext = function() {","\tvar c = this.source.charAt(this.index),","\t\tvalue;","","\tif (!c) {","\t\treturn;","\t}","","\tswitch (c) {","\t\tcase '{':","\t\tcase ';':","\t\t\tthis.context.value = this.context.value.trim();","\t\t\tthis.context.parent.children.push(this.context);","","\t\t\tif (c === '{' && this.context.name && /_by_lua_block$/.test(this.context.name)) {","\t\t\t\t//special handling of lua blocks: they are not treated as a regular \"block\", which would","\t\t\t\t//have child directives and stuff. lua \"blocks\" are just lua code surrounded by \"{ }\".","\t\t\t\tif (this.context.value) {","\t\t\t\t\t//there's already a value set, that means something is weird (pretty sure this is invalid...)","\t\t\t\t\t//basically the \"lol\" in something like this: content_by_lua_block lol { echo 'hello' }","\t\t\t\t\tthis.setError(","\t\t\t\t\t\t'Already a value set for Lua block (alert nginx-conf developers if your syntax is valid)'","\t\t\t\t\t);","\t\t\t\t\tbreak;","\t\t\t\t}","","\t\t\t\tthis.context.value = this.readVerbatimBlock();","\t\t\t\tthis.context.isVerbatim = true;","\t\t\t\tthis.context = new NginxParseTreeNode(null, null, this.context.parent);","\t\t\t} else {","\t\t\t\t//new context is child of current context, or a sibling to the parent","\t\t\t\tthis.context = new NginxParseTreeNode(null, null, c === '{' ? this.context : this.context.parent);","\t\t\t}","","\t\t\tthis.index++;","\t\t\tbreak;","\t\tcase '}':","\t\t\t//new context is sibling to the parent","\t\t\tthis.context = new NginxParseTreeNode(null, null, this.context.parent.parent);","\t\t\tthis.index++;","\t\t\tbreak;","\t\tcase '\\n':","\t\tcase '\\r':","\t\t\tif (this.context.value) {","\t\t\t\tthis.context.value += c;","\t\t\t}","\t\t\tthis.index++;","\t\t\tbreak;","\t\tcase '\\'':","\t\tcase '\"':","\t\t\tif (!this.context.name) {","\t\t\t\tthis.context.name = this.readString();","\t\t\t} else {","\t\t\t\tthis.context.value += this.readString();","\t\t\t}","\t\t\tbreak;","\t\tcase '#':","\t\t\tthis.context.comments.push(this.readComment());","\t\t\tbreak;","\t\tdefault:","\t\t\tvalue = this.readWord();","\t\t\tif (!this.context.name) {","\t\t\t\tthis.context.name = value.trim();","\t\t\t\t//read trailing whitespace","\t\t\t\tvar ws = /^\\s*/.exec(this.source.substring(this.index));","\t\t\t\tif (ws) {","\t\t\t\t\tthis.index += ws[0].length;","\t\t\t\t}","\t\t\t} else {","\t\t\t\tthis.context.value += value;","\t\t\t}","\t\t\tbreak;","\t}","};","","NginxParser.prototype.readString = function() {","\tvar delimiter = this.source.charAt(this.index),","\t\tvalue = delimiter;","\tfor (var i = this.index + 1; i < this.source.length; i++) {","\t\tif (this.source.charAt(i) === '\\\\') {","\t\t\tvalue += this.source.charAt(i) + this.source.charAt(i + 1);","\t\t\ti++;","\t\t\tcontinue;","\t\t}","\t\tif (this.source.charAt(i) === delimiter) {","\t\t\tvalue += delimiter;","\t\t\tbreak;","\t\t}","","\t\tvalue += this.source.charAt(i);","\t}","","\tif (value.length < 2 || value.charAt(value.length - 1) !== delimiter) {","\t\tthis.setError('Unable to parse quote-delimited value (probably an unclosed string)');","\t\treturn '';","\t}","\tthis.index += value.length;","\treturn value;","};","","NginxParser.prototype.setError = function(message) {","\tvar line = (this.source.substring(0, this.index).match(/\\n/g) || []).length + 1;","","\tthis.error = {","\t\tmessage: message,","\t\tindex: this.index,","\t\tline: line","\t};","};","","NginxParser.prototype.readWord = function() {","\tvar result = /^(.+?)[\\s#;{}'\"]/.exec(this.source.substring(this.index));","\tif (!result) {","\t\tthis.setError('Word not terminated. Are you missing a semicolon?');","\t\treturn '';","\t}","\tthis.index += result[1].length;","\treturn result[1];","};","","NginxParser.prototype.readComment = function() {","\tvar result = /(.*?)(?:\\r\\n|\\n|$)/.exec(this.source.substring(this.index));","\tthis.index += result ? result[0].length : 0;","\treturn result[1].substring(1); //ignore # character","};","","NginxParser.prototype.readVerbatimBlock = function() {","\t//can't just use regex because it has to count the number of matching {}","\t//NOTE: this will break for lua comments that contain \"{\" or \"}\"","\tvar openingBrackets = 0,","\t\tclosingBrackets = 0,","\t\tcurrent,","\t\tresult = '';","","\twhile (current = this.source.charAt(this.index)) {","\t\tswitch (current) {","\t\t\tcase '}':","\t\t\t\tclosingBrackets++;","\t\t\t\tbreak;","\t\t\tcase '{':","\t\t\t\topeningBrackets++;","\t\t\t\tbreak;","\t\t}","","\t\tresult += current;","\t\tthis.index++;","","\t\tif (openingBrackets === closingBrackets) {","\t\t\tbreak;","\t\t}","\t}","","\tif (openingBrackets !== closingBrackets) {","\t\tthis.setError('Verbatim bock not terminated. Are you missing a closing curly bracket?');","\t\treturn '';","\t}","","\treturn result.replace(/^{/, '').replace(/}$/, '');","};","","NginxParser.prototype.parseFile = function(file, encoding, callback) {","\tvar parser = this;","\tfs.readFile(file, encoding, function(err, contents) {","\t\tif (err) {","\t\t\tcallback && callback(err);","\t\t\treturn;","\t\t}","","\t\tparser.parse(contents, callback);","\t});","};","","exports.NginxParser = NginxParser;","exports.parse = function(source, callback) {","\tnew NginxParser().parse(source, callback);","};","exports.parseFile = function(file, encoding, callback) {","\tnew NginxParser().parseFile(file, encoding, callback);","};",""],"l":{"1":1,"3":1,"4":0,"5":0,"6":0,"7":0,"8":0,"9":0,"12":1,"13":0,"14":0,"15":0,"16":0,"17":0,"20":1,"21":0,"22":0,"23":0,"24":0,"25":0,"27":0,"28":0,"29":0,"30":0,"31":0,"35":0,"38":1,"39":0,"42":0,"43":0,"46":0,"49":0,"50":0,"52":0,"55":0,"58":0,"61":0,"64":0,"65":0,"66":0,"69":0,"72":0,"73":0,"76":0,"77":0,"78":0,"81":0,"82":0,"84":0,"85":0,"88":0,"89":0,"91":0,"93":0,"95":0,"96":0,"98":0,"99":0,"100":0,"102":0,"103":0,"104":0,"107":0,"109":0,"113":1,"114":0,"116":0,"117":0,"118":0,"119":0,"120":0,"122":0,"123":0,"124":0,"127":0,"130":0,"131":0,"132":0,"134":0,"135":0,"138":1,"139":0,"141":0,"148":1,"149":0,"150":0,"151":0,"152":0,"154":0,"155":0,"158":1,"159":0,"160":0,"161":0,"164":1,"167":0,"172":0,"173":0,"175":0,"176":0,"178":0,"179":0,"182":0,"183":0,"185":0,"186":0,"190":0,"191":0,"192":0,"195":0,"198":1,"199":0,"200":0,"201":0,"202":0,"203":0,"206":0,"210":1,"211":1,"212":0,"214":1,"215":0}},"/home/travis/build/npmtest/node-npmtest-nginx-conf/node_modules/nginx-conf/src/conf.js":{"path":"/home/travis/build/npmtest/node-npmtest-nginx-conf/node_modules/nginx-conf/src/conf.js","s":{"1":1,"2":1,"3":0,"4":0,"5":0,"6":0,"7":0,"8":0,"9":0,"10":0,"11":0,"12":0,"13":0,"14":0,"15":0,"16":0,"17":0,"18":0,"19":0,"20":0,"21":0,"22":0,"23":0,"24":0,"25":0,"26":0,"27":0,"28":0,"29":0,"30":0,"31":0,"32":0,"33":0,"34":0,"35":0,"36":0,"37":0,"38":0,"39":0,"40":0,"41":0,"42":0,"43":0,"44":0,"45":0,"46":0,"47":0,"48":0,"49":0,"50":0,"51":0,"52":0,"53":0,"54":0,"55":0,"56":0,"57":0,"58":0,"59":0,"60":0,"61":0,"62":0,"63":0,"64":0,"65":0,"66":0,"67":0,"68":0,"69":0,"70":0,"71":0,"72":0,"73":0,"74":0,"75":0,"76":0,"77":1,"78":0,"79":0,"80":0,"81":0,"82":0,"83":0,"84":0,"85":0,"86":0,"87":0,"88":0,"89":0,"90":0,"91":1,"92":1,"93":0,"94":0,"95":0,"96":0,"97":0,"98":0,"99":0,"100":1,"101":0,"102":0,"103":0,"104":0,"105":0,"106":0,"107":1,"108":0,"109":0,"110":0,"111":0,"112":0,"113":0,"114":0,"115":0,"116":0,"117":0,"118":1,"119":0,"120":0,"121":0,"122":0,"123":0,"124":0,"125":0,"126":0,"127":1,"128":0,"129":1,"130":0,"131":0,"132":0,"133":0,"134":0,"135":0,"136":0,"137":0,"138":1,"139":0,"140":0,"141":0,"142":0,"143":0,"144":0,"145":0,"146":0,"147":1},"b":{"1":[0,0],"2":[0,0],"3":[0,0],"4":[0,0],"5":[0,0],"6":[0,0],"7":[0,0],"8":[0,0],"9":[0,0],"10":[0,0],"11":[0,0],"12":[0,0],"13":[0,0],"14":[0,0],"15":[0,0],"16":[0,0],"17":[0,0],"18":[0,0],"19":[0,0],"20":[0,0],"21":[0,0],"22":[0,0],"23":[0,0],"24":[0,0],"25":[0,0],"26":[0,0],"27":[0,0],"28":[0,0],"29":[0,0],"30":[0,0],"31":[0,0],"32":[0,0],"33":[0,0],"34":[0,0],"35":[0,0],"36":[0,0],"37":[0,0],"38":[0,0],"39":[0,0],"40":[0,0],"41":[0,0],"42":[0,0],"43":[0,0],"44":[0,0],"45":[0,0],"46":[0,0],"47":[0,0],"48":[0,0]},"f":{"1":0,"2":0,"3":0,"4":0,"5":0,"6":0,"7":0,"8":0,"9":0,"10":0,"11":0,"12":0,"13":0,"14":0,"15":0,"16":0,"17":0,"18":0,"19":0,"20":0,"21":0,"22":0,"23":0,"24":0,"25":0},"fnMap":{"1":{"name":"createConfItem","line":9,"loc":{"start":{"line":9,"column":0},"end":{"line":9,"column":45}}},"2":{"name":"(anonymous_2)","line":16,"loc":{"start":{"line":16,"column":11},"end":{"line":16,"column":33}}},"3":{"name":"(anonymous_3)","line":41,"loc":{"start":{"line":41,"column":8},"end":{"line":41,"column":59}}},"4":{"name":"(anonymous_4)","line":59,"loc":{"start":{"line":59,"column":21},"end":{"line":59,"column":53}}},"5":{"name":"(anonymous_5)","line":65,"loc":{"start":{"line":65,"column":14},"end":{"line":65,"column":30}}},"6":{"name":"(anonymous_6)","line":86,"loc":{"start":{"line":86,"column":12},"end":{"line":86,"column":26}}},"7":{"name":"(anonymous_7)","line":89,"loc":{"start":{"line":89,"column":9},"end":{"line":89,"column":23}}},"8":{"name":"(anonymous_8)","line":120,"loc":{"start":{"line":120,"column":12},"end":{"line":120,"column":23}}},"9":{"name":"(anonymous_9)","line":127,"loc":{"start":{"line":127,"column":7},"end":{"line":127,"column":18}}},"10":{"name":"(anonymous_10)","line":130,"loc":{"start":{"line":130,"column":7},"end":{"line":130,"column":26}}},"11":{"name":"NginxConfFile","line":180,"loc":{"start":{"line":180,"column":0},"end":{"line":180,"column":38}}},"12":{"name":"(anonymous_12)","line":185,"loc":{"start":{"line":185,"column":22},"end":{"line":185,"column":37}}},"13":{"name":"(anonymous_13)","line":186,"loc":{"start":{"line":186,"column":9},"end":{"line":186,"column":20}}},"14":{"name":"(anonymous_14)","line":206,"loc":{"start":{"line":206,"column":31},"end":{"line":206,"column":46}}},"15":{"name":"(anonymous_15)","line":219,"loc":{"start":{"line":219,"column":30},"end":{"line":219,"column":45}}},"16":{"name":"(anonymous_16)","line":234,"loc":{"start":{"line":234,"column":32},"end":{"line":234,"column":51}}},"17":{"name":"(anonymous_17)","line":246,"loc":{"start":{"line":246,"column":48},"end":{"line":246,"column":62}}},"18":{"name":"(anonymous_18)","line":256,"loc":{"start":{"line":256,"column":32},"end":{"line":256,"column":51}}},"19":{"name":"(anonymous_19)","line":268,"loc":{"start":{"line":268,"column":32},"end":{"line":268,"column":43}}},"20":{"name":"(anonymous_20)","line":269,"loc":{"start":{"line":269,"column":13},"end":{"line":269,"column":34}}},"21":{"name":"(anonymous_21)","line":279,"loc":{"start":{"line":279,"column":35},"end":{"line":279,"column":46}}},"22":{"name":"(anonymous_22)","line":283,"loc":{"start":{"line":283,"column":23},"end":{"line":283,"column":57}}},"23":{"name":"(anonymous_23)","line":289,"loc":{"start":{"line":289,"column":32},"end":{"line":289,"column":52}}},"24":{"name":"(anonymous_24)","line":299,"loc":{"start":{"line":299,"column":33},"end":{"line":299,"column":69}}},"25":{"name":"(anonymous_25)","line":305,"loc":{"start":{"line":305,"co
[...]
,"116":{"start":{"line":249,"column":3},"end":{"line":251,"column":4}},"117":{"start":{"line":250,"column":4},"end":{"line":250,"column":62}},"118":{"start":{"line":256,"column":0},"end":{"line":277,"column":2}},"119":{"start":{"line":257,"column":1},"end":{"line":259,"column":2}},"120":{"start":{"line":258,"column":2},"end":{"line":258,"column":34}},"121":{"start":{"line":267,"column":1},"end":{"line":267,"column":17}},"122":{"start":{"line":268,"column":1},"end":{"line":276,"column":7}},"123":{"start":{"line":269,"column":2},"end":{"line":275,"column":5}},"124":{"start":{"line":270,"column":3},"end":{"line":272,"column":4}},"125":{"start":{"line":271,"column":4},"end":{"line":271,"column":25}},"126":{"start":{"line":274,"column":3},"end":{"line":274,"column":29}},"127":{"start":{"line":279,"column":0},"end":{"line":281,"column":2}},"128":{"start":{"line":280,"column":1},"end":{"line":280,"column":30}},"129":{"start":{"line":283,"column":0},"end":{"line":297,"column":2}},"130":{"start":{"line":284,"column":1},"end":{"line":287,"column":2}},"131":{"start":{"line":285,"column":2},"end":{"line":285,"column":21}},"132":{"start":{"line":286,"column":2},"end":{"line":286,"column":17}},"133":{"start":{"line":289,"column":1},"end":{"line":296,"column":4}},"134":{"start":{"line":290,"column":2},"end":{"line":293,"column":3}},"135":{"start":{"line":291,"column":3},"end":{"line":291,"column":29}},"136":{"start":{"line":292,"column":3},"end":{"line":292,"column":10}},"137":{"start":{"line":295,"column":2},"end":{"line":295,"column":74}},"138":{"start":{"line":299,"column":0},"end":{"line":313,"column":2}},"139":{"start":{"line":300,"column":1},"end":{"line":303,"column":2}},"140":{"start":{"line":301,"column":2},"end":{"line":301,"column":21}},"141":{"start":{"line":302,"column":2},"end":{"line":302,"column":17}},"142":{"start":{"line":305,"column":1},"end":{"line":312,"column":4}},"143":{"start":{"line":306,"column":2},"end":{"line":309,"column":3}},"144":{"start":{"line":307,"column":3},"end":{"line":307,"column":29}},"145":{"start":{"line":308,"column":3},"end":{"line":308,"column":10}},"146":{"start":{"line":311,"column":2},"end":{"line":311,"column":63}},"147":{"start":{"line":315,"column":0},"end":{"line":315,"column":38}}},"branchMap":{"1":{"line":13,"type":"binary-expr","locations":[{"start":{"line":13,"column":13},"end":{"line":13,"column":26}},{"start":{"line":13,"column":30},"end":{"line":13,"column":32}}]},"2":{"line":17,"type":"binary-expr","locations":[{"start":{"line":17,"column":20},"end":{"line":17,"column":25}},{"start":{"line":17,"column":29},"end":{"line":17,"column":30}}]},"3":{"line":18,"type":"if","locations":[{"start":{"line":18,"column":3},"end":{"line":18,"column":3}},{"start":{"line":18,"column":3},"end":{"line":18,"column":3}}]},"4":{"line":23,"type":"if","locations":[{"start":{"line":23,"column":3},"end":{"line":23,"column":3}},{"start":{"line":23,"column":3},"end":{"line":23,"column":3}}]},"5":{"line":24,"type":"if","locations":[{"start":{"line":24,"column":4},"end":{"line":24,"column":4}},{"start":{"line":24,"column":4},"end":{"line":24,"column":4}}]},"6":{"line":27,"type":"if","locations":[{"start":{"line":27,"column":5},"end":{"line":27,"column":5}},{"start":{"line":27,"column":5},"end":{"line":27,"column":5}}]},"7":{"line":42,"type":"if","locations":[{"start":{"line":42,"column":3},"end":{"line":42,"column":3}},{"start":{"line":42,"column":3},"end":{"line":42,"column":3}}]},"8":{"line":46,"type":"binary-expr","locations":[{"start":{"line":46,"column":13},"end":{"line":46,"column":20}},{"start":{"line":46,"column":24},"end":{"line":46,"column":26}}]},"9":{"line":66,"type":"binary-expr","locations":[{"start":{"line":66,"column":11},"end":{"line":66,"column":16}},{"start":{"line":66,"column":20},"end":{"line":66,"column":32}}]},"10":{"line":71,"type":"if","locations":[{"start":{"line":71,"column":3},"end":{"line":71,"column":3}},{"start":{"line":71,"column":3},"end":{"line":71,"column":3}}]},"11":{"line":77,"type":"cond-expr","locations":[{"start":{"line":77,"column":37},"end":{"line":77,"column":47}},{"start":{"line":77,"column":50},"end":{"line":77,"column":52}}]},"12":{"line":79,"type":"if","locations":[{"start":{"line":79,"column":3},"end":{"line":79,"column":3}},{"start":{"line":79,"column":3},"end":{"line":79,"column":3}}]},"13":{"line":80,"type":"binary-expr","locations":[{"start":{"line":80,"column":22},"end":{"line":80,"column":33}},{"start":{"line":80,"column":37},"end":{"line":80,"column":39}}]},"14":{"line":81,"type":"if","locations":[{"start":{"line":81,"column":10},"end":{"line":81,"column":10}},{"start":{"line":81,"column":10},"end":{"line":81,"column":10}}]},"15":{"line":93,"type":"if","locations":[{"start":{"line":93,"column":3},"end":{"line":93,"column":3}},{"start":{"line":93,"column":3},"end":{"line":93,"column":3}}]},"16":{"line":94,"type":"if","locations":[{"start":{"line":94,"column":4},"end":{"line":94,"column":4}},{"start":{"line":94,"column":4},"end":{"line":94,"column":4}}]},"17":{"line":99,"type":"if","locations":[{"start":{"line":99,"column":5},"end":{"line":99,"column":5}},{"start":{"line":99,"column":5},"end":{"line":99,"column":5}}]},"18":{"line":107,"type":"if","locations":[{"start":{"line":107,"column":4},"end":{"line":107,"column":4}},{"start":{"line":107,"column":4},"end":{"line":107,"column":4}}]},"19":{"line":110,"type":"if","locations":[{"start":{"line":110,"column":10},"end":{"line":110,"column":10}},{"start":{"line":110,"column":10},"end":{"line":110,"column":10}}]},"20":{"line":111,"type":"if","locations":[{"start":{"line":111,"column":4},"end":{"line":111,"column":4}},{"start":{"line":111,"column":4},"end":{"line":111,"column":4}}]},"21":{"line":132,"type":"if","locations":[{"start":{"line":132,"column":3},"end":{"line":132,"column":3}},{"start":{"line":132,"column":3},"end":{"line":132,"column":3}}]},"22":{"line":160,"type":"if","locations":[{"start":{"line":160,"column":1},"end":{"line":160,"column":1}},{"start":{"line":160,"column":1},"end":{"line":160,"column":1}}]},"23":{"line":162,"type":"if","locations":[{"start":{"line":162,"column":2},"end":{"line":162,"column":2}},{"start":{"line":162,"column":2},"end":{"line":162,"column":2}}]},"24":{"line":171,"type":"if","locations":[{"start":{"line":171,"column":1},"end":{"line":171,"column":1}},{"start":{"line":171,"column":1},"end":{"line":171,"column":1}}]},"25":{"line":181,"type":"binary-expr","locations":[{"start":{"line":181,"column":11},"end":{"line":181,"column":18}},{"start":{"line":181,"column":22},"end":{"line":181,"column":24}}]},"26":{"line":183,"type":"binary-expr","locations":[{"start":{"line":183,"column":12},"end":{"line":183,"column":23}},{"start":{"line":183,"column":27},"end":{"line":183,"column":33}}]},"27":{"line":207,"type":"if","locations":[{"start":{"line":207,"column":1},"end":{"line":207,"column":1}},{"start":{"line":207,"column":1},"end":{"line":207,"column":1}}]},"28":{"line":209,"type":"if","locations":[{"start":{"line":209,"column":2},"end":{"line":209,"column":2}},{"start":{"line":209,"column":2},"end":{"line":209,"column":2}}]},"29":{"line":221,"type":"if","locations":[{"start":{"line":221,"column":1},"end":{"line":221,"column":1}},{"start":{"line":221,"column":1},"end":{"line":221,"column":1}}]},"30":{"line":223,"type":"if","locations":[{"start":{"line":223,"column":2},"end":{"line":223,"column":2}},{"start":{"line":223,"column":2},"end":{"line":223,"column":2}}]},"31":{"line":235,"type":"if","locations":[{"start":{"line":235,"column":1},"end":{"line":235,"column":1}},{"start":{"line":235,"column":1},"end":{"line":235,"column":1}}]},"32":{"line":236,"type":"binary-expr","locations":[{"start":{"line":236,"column":2},"end":{"line":236,"column":10}},{"start":{"line":236,"column":14},"end":{"line":236,"column":35}}]},"33":{"line":247,"type":"binary-expr","locations":[{"start":{"line":247,"column":3},"end":{"line":247,"column":6}},{"start":{"line":247,"column":10},"end":{"line":247,"column":26}}]},"34":{"line":249,"type":"if","locations":[{"start":{"line":249,"column":3},"end":{"line":249,"column":3}},{"start":{"line":249,"column":3},"end":{"line":249,"column":3}}]},"35":{"line":250,"type":"binary-expr","locations":[{"start":{"line":250,"column":4},"end":{"line":250,"column":12}},{"start":{"line":250,"column":16},"end":{"line":250,"column":61}}]},"36":{"line":250,"type":"cond-expr","locations":[{"start":{"line":250,"column":41},"end":{"line":250,"column":47}},{"start":{"line":250,"column":50},"end":{"line":250,"column":54}}]},"37":{"line":257,"type":"if","locations":[{"start":{"line":257,"column":1},"end":{"line":257,"column":1}},{"start":{"line":257,"column":1},"end":{"line":257,"column":1}}]},"38":{"line":270,"type":"if","locations":[{"start":{"line":270,"column":3},"end":{"line":270,"column":3}},{"start":{"line":270,"column":3},"end":{"line":270,"column":3}}]},"39":{"line":270,"type":"binary-expr","locations":[{"start":{"line":270,"column":7},"end":{"line":270,"column":11}},{"start":{"line":270,"column":15},"end":{"line":270,"column":20}}]},"40":{"line":274,"type":"binary-expr","locations":[{"start":{"line":274,"column":3},"end":{"line":274,"column":11}},{"start":{"line":274,"column":15},"end":{"line":274,"column":28}}]},"41":{"line":284,"type":"if","locations":[{"start":{"line":284,"column":1},"end":{"line":284,"column":1}},{"start":{"line":284,"column":1},"end":{"line":284,"column":1}}]},"42":{"line":290,"type":"if","locations":[{"start":{"line":290,"column":2},"end":{"line":290,"column":2}},{"start":{"line":290,"column":2},"end":{"line":290,"column":2}}]},"43":{"line":291,"type":"binary-expr","locations":[{"start":{"line":291,"column":3},"end":{"line":291,"column":11}},{"start":{"line":291,"column":15},"end":{"line":291,"column":28}}]},"44":{"line":295,"type":"binary-expr","locations":[{"start":{"line":295,"column":2},"end":{"line":295,"column":10}},{"start":{"line":295,"column":14},"end":{"line":295,"column":73}}]},"45":{"line":300,"type":"if","locations":[{"start":{"line":300,"column":1},"end":{"line":300,"column":1}},{"start":{"line":300,"column":1},"end":{"line":300,"column":1}}]},"46":{"line":306,"type":"if","locations":[{"start":{"line":306,"column":2},"end":{"line":306,"column":2}},{"start":{"line":306,"column":2},"end":{"line":306,"column":2}}]},"47":{"line":307,"type":"binary-expr","locations":[{"start":{"line":307,"column":3},"end":{"line":307,"column":11}},{"start":{"line":307,"column":15},"end":{"line":307,"column":28}}]},"48":{"line":311,"type":"binary-expr","locations":[{"start":{"line":311,"column":2},"end":{"line":311,"column":10}},{"start":{"line":311,"column":14},"end":{"line":311,"column":62}}]}},"code":["var parser = require('./parser'),","\tfs = require('fs'),","\tblacklistedNames = {","\t\t_name: 1, _value: 1, _remove: 1, _add: 1,","\t\t_getString: 1, _root: 1, toString: 1, _comments: 1,","\t\t_isVerbatim: 1, _addVerbatimBlock: 1","\t};","","function createConfItem(file, context, node) {","\tvar name = node.name,","\t\tvalue = node.value,","\t\tchildren = node.children,","\t\tcomments = node.comments || [];","","\tvar newContext = {","\t\t_remove: function(name, index) {","\t\t\tindex = Math.max(index || 0, 0);","\t\t\tif (!this[name]) {","\t\t\t\treturn this;","\t\t\t}","","\t\t\tvar node = this[name];","\t\t\tif (Array.isArray(this[name])) {","\t\t\t\tif (this[name][index]) {","\t\t\t\t\tnode = this[name][index];","\t\t\t\t\tthis[name].splice(index, 1);","\t\t\t\t\tif (this[name].length === 1) {","\t\t\t\t\t\tthis[name] = this[name][0];","\t\t\t\t\t}","\t\t\t\t\tfile.emit('removed', node);","\t\t\t\t}","\t\t\t} else {","\t\t\t\tnode = this[name];","\t\t\t\tdelete this[name];","\t\t\t\tfile.emit('removed', node);","\t\t\t}","","\t\t\treturn this;","\t\t},","","\t\t_add: function(name, value, children, comments, options) {","\t\t\tif (blacklistedNames[name]) {","\t\t\t\tthrow new Error('The name \"' + name + '\" is reserved');","\t\t\t}","","\t\t\toptions = options || {};","","\t\t\tvar node = createConfItem(file, newContext, {","\t\t\t\tname: name,","\t\t\t\tvalue: value,","\t\t\t\tchildren: children,","\t\t\t\tcomments: comments,","\t\t\t\tisVerbatim: !!options.isVerbatim","\t\t\t});","\t\t\tfile.emit('added', node);","\t\t\treturn this;","\t\t},","","\t\t_addVerbatimBlock: function(name, value, comments) {","\t\t\treturn this._add(name, value, null, comments, {","\t\t\t\tisVerbatim: true","\t\t\t});","\t\t},","","\t\t_getString: function(depth) {","\t\t\tdepth = depth || +!this._root;","\t\t\tvar prefix = new Array(depth).join(file.tab),","\t\t\t\tbuffer = '',","\t\t\t\ti;","","\t\t\tif (this._comments.length) {","\t\t\t\tfor (i = 0; i < this._comments.length; i++) {","\t\t\t\t\tbuffer += '#' + this._comments[i] + '\\n';","\t\t\t\t}","\t\t\t}","","\t\t\tbuffer += prefix + (!this._root ? this._name : '');","","\t\t\tif (this._isVerbatim) {","\t\t\t\tbuffer += ' {' + (this._value || '') + '}';","\t\t\t} else if (this._value) {","\t\t\t\tbuffer += ' ' + this._value;","\t\t\t}","","\t\t\tvar properties = Object.keys(this)","\t\t\t\t.filter(function(key) {","\t\t\t\t\treturn typeof(newContext[key]) !== 'function';","\t\t\t\t})","\t\t\t\t.map(function(key) {","\t\t\t\t\treturn newContext[key];","\t\t\t\t});","","\t\t\tif (properties.length) {","\t\t\t\tif (!this._root) {","\t\t\t\t\tbuffer += ' {\\n';","\t\t\t\t}","\t\t\t\tfor (i = 0; i < properties.length; i++) {","\t\t\t\t\tvar prop = properties[i];","\t\t\t\t\tif (Array.isArray(prop)) {","\t\t\t\t\t\tfor (var j = 0; j < prop.length; j++) {","\t\t\t\t\t\t\tbuffer += prop[j]._getString(depth + 1);","\t\t\t\t\t\t}","\t\t\t\t\t} else {","\t\t\t\t\t\tbuffer += prop._getString(depth + 1);","\t\t\t\t\t}","\t\t\t\t}","\t\t\t\tif (!this._root) {","\t\t\t\t\tbuffer += prefix + '}\\n';","\t\t\t\t}","\t\t\t} else if (!this._root) {","\t\t\t\tif (!this._isVerbatim) {","\t\t\t\t\tbuffer += ';';","\t\t\t\t}","\t\t\t\tbuffer += '\\n';","\t\t\t}","","\t\t\treturn buffer;","\t\t},","","\t\ttoString: function() {","\t\t\treturn this._getString(0);","\t\t}","\t};","","\tObject.defineProperty(newContext, '_value', {","\t\tenumerable: false,","\t\tget: function() {","\t\t\treturn value;","\t\t},","\t\tset: function(newValue) {","\t\t\tnewValue = newValue.toString();","\t\t\tif (value === newValue) {","\t\t\t\treturn;","\t\t\t}","","\t\t\tvar oldValue = value;","\t\t\tvalue = newValue;","\t\t\tfile.emit('changed', newContext, oldValue);","\t\t}","\t});","","\tObject.defineProperty(newContext, '_isVerbatim', {","\t\tenumerable: false,","\t\tvalue: node.isVerbatim,","\t\twritable: false","\t});","","\tObject.defineProperty(newContext, '_name', {","\t\tenumerable: false,","\t\tvalue: name,","\t\twritable: false","\t});","","\tObject.defineProperty(newContext, '_comments', {","\t\tenumerable: false,","\t\tvalue: comments,","\t\twritable: false","\t});","","\tif (context[name]) {","\t\t//already exists, create an array or append it to the new one","\t\tif (!Array.isArray(context[name])) {","\t\t\tcontext[name] = [ context[name] ];","\t\t}","","\t\tcontext[name].push(newContext);","\t} else {","\t\tcontext[name] = newContext;","\t}","","\tif (children) {","\t\tfor (var i = 0; i < children.length; i++) {","\t\t\tcreateConfItem(file, newContext, children[i]);","\t\t}","\t}","","\treturn newContext;","}","","function NginxConfFile(tree, options) {","\toptions = options || {};","\tthis.files = [];","\tthis.tab = options.tab || '    ';","\tthis._name = 'NginxConfFile';","\tthis.liveListener = (function(file) {","\t\treturn function() {","\t\t\tfile.flush();","\t\t};","\t}(this));","\tthis.writeTimeout = null;","","\tcreateConfItem(this, this, { name: 'nginx' });","\tObject.defineProperty(this.nginx, '_root', {","\t\twritable: false,","\t\tvalue: true,","\t\tenumerable: false","\t});","\tfor (var i = 0; i < tree.children.length; i++) {","\t\tvar node = tree.children[i];","\t\tcreateConfItem(this, this.nginx, node);","\t}","}","","NginxConfFile.prototype.__proto__ = require('events').EventEmitter.prototype;","","NginxConfFile.prototype.live = function(file) {","\tif (this.files.indexOf(file) === -1) {","\t\tthis.files.push(file);","\t\tif (this.files.length === 1) {","\t\t\tthis.on('added', this.liveListener);","\t\t\tthis.on('removed', this.liveListener);","\t\t\tthis.on('changed', this.liveListener);","\t\t}","\t}","","\treturn this;","};","","NginxConfFile.prototype.die = function(file) {","\tvar index = this.files.indexOf(file);","\tif (index !== -1) {","\t\tthis.files.splice(index, 1);","\t\tif (this.files.length == 0) {","\t\t\tthis.removeListener('added removed changed', this.liveListener);","\t\t}","\t}","","\treturn this;","};","","/**"," * To handle potentially concurrent writes, use flush() instead."," */","NginxConfFile.prototype.write = function(callback) {","\tif (!this.files.length) {","\t\tcallback && callback(null, false);","\t\treturn;","\t}","","\tvar contents = this.toString(),","\t\tlen = this.files.length,","\t\terrors = [],","\t\tcompleted = 0;","","\tfor (var i = 0; i < len; i++) {","\t\tfs.writeFile(this.files[i], contents, 'utf8', function(err) {","\t\t\terr && errors.push(err);","\t\t\tcompleted++;","\t\t\tif (completed === len) {","\t\t\t\tcallback && callback(errors.length ? errors : null, true);","\t\t\t}","\t\t});","\t}","};","","NginxConfFile.prototype.flush = function(callback) {","\tif (this.writeTimeout) {","\t\tclearTimeout(this.writeTimeout);","\t}","","\t//the call to write() gets shoved into the event loop so that","\t//you can modify the tree more than once without hoping that","\t//no race conditions occur","","\t//e.g. conf._remove('foo'); conf._remove('bar'); will only issue","\t//one call to write(), eliminating any possible race conditions","\tvar self = this;","\tthis.writeTimeout = setTimeout(function() {","\t\tself.write(function(err, wrote) {","\t\t\tif (!err && wrote) {","\t\t\t\tself.emit('flushed');","\t\t\t}","","\t\t\tcallback && callback(err);","\t\t});","\t}, 1);","};","","NginxConfFile.prototype.toString = function() {","\treturn this.nginx.toString();","};","","NginxConfFile.create = function(file, options, callback) {","\tif (typeof(options) === 'function') {","\t\tcallback = options;","\t\toptions = null;","\t}","","\tparser.parseFile(file, 'utf8', function(err, tree) {","\t\tif (err) {","\t\t\tcallback && callback(err);","\t\t\treturn;","\t\t}","","\t\tcallback && callback(null, new NginxConfFile(tree, options).live(file));","\t});","};","","NginxConfFile.createFromSource = function(source, options, callback) {","\tif (typeof(options) === 'function') {","\t\tcallback = options;","\t\toptions = null;","\t}","","\tparser.parse(source, function(err, tree) {","\t\tif (err) {","\t\t\tcallback && callback(err);","\t\t\treturn;","\t\t}","","\t\tcallback && callback(null, new NginxConfFile(tree, options));","\t});","};","","exports.NginxConfFile = NginxConfFile;",""],"l":{"1":1,"9":1,"10":0,"15":0,"17":0,"18":0,"19":0,"22":0,"23":0,"24":0,"25":0,"26":0,"27":0,"28":0,"30":0,"33":0,"34":0,"35":0,"38":0,"42":0,"43":0,"46":0,"48":0,"55":0,"56":0,"60":0,"66":0,"67":0,"71":0,"72":0,"73":0,"77":0,"79":0,"80":0,"81":0,"82":0,"85":0,"87":0,"90":0,"93":0,"94":0,"95":0,"97":0,"98":0,"99":0,"100":0,"101":0,"104":0,"107":0,"108":0,"110":0,"111":0,"112":0,"114":0,"117":0,"121":0,"125":0,"128":0,"131":0,"132":0,"133":0,"136":0,"137":0,"138":0,"142":0,"148":0,"154":0,"160":0,"162":0,"163":0,"166":0,"168":0,"171":0,"172":0,"173":0,"177":0,"180":1,"181":0,"182":0,"183":0,"184":0,"185":0,"186":0,"187":0,"190":0,"192":0,"193":0,"198":0,"199":0,"200":0,"204":1,"206":1,"207":0,"208":0,"209":0,"210":0,"211":0,"212":0,"216":0,"219":1,"220":0,"221":0,"222":0,"223":0,"224":0,"228":0,"234":1,"235":0,"236":0,"237":0,"240":0,"245":0,"246":0,"247":0,"248":0,"249":0,"250":0,"256":1,"257":0,"258":0,"267":0,"268":0,"269":0,"270":0,"271":0,"274":0,"279":1,"280":0,"283":1,"284":0,"285":0,"286":0,"289":0,"290":0,"291":0,"292":0,"295":0,"299":1,"300":0,"301":0,"302":0,"305":0,"306":0,"307":0,"308":0,"311":0,"315":1}}}